{"level":"error","message":"Error: Test Error","timestamp":"2024-10-31 06:38:32"}
{"level":"error","message":"Request: undefined undefined","timestamp":"2024-10-31 06:38:32"}
{"level":"error","message":"IP Address: undefined","timestamp":"2024-10-31 06:38:32"}
{"level":"error","message":"Error: Test Error","timestamp":"2024-10-31 06:38:32"}
{"level":"error","message":"Request: undefined undefined","timestamp":"2024-10-31 06:38:32"}
{"level":"error","message":"IP Address: undefined","timestamp":"2024-10-31 06:38:32"}
{"level":"error","message":"Error: Unknown error","timestamp":"2024-10-31 06:38:32"}
{"level":"error","message":"Request: undefined undefined","timestamp":"2024-10-31 06:38:32"}
{"level":"error","message":"IP Address: undefined","timestamp":"2024-10-31 06:38:32"}
{"level":"error","message":"Error: Test Error","timestamp":"2024-10-31 06:41:21"}
{"level":"error","message":"Request: undefined undefined","timestamp":"2024-10-31 06:41:21"}
{"level":"error","message":"IP Address: undefined","timestamp":"2024-10-31 06:41:21"}
{"level":"error","message":"Error: Test Error","timestamp":"2024-10-31 06:41:21"}
{"level":"error","message":"Request: undefined undefined","timestamp":"2024-10-31 06:41:21"}
{"level":"error","message":"IP Address: undefined","timestamp":"2024-10-31 06:41:21"}
{"level":"error","message":"Error: Unknown error","timestamp":"2024-10-31 06:41:21"}
{"level":"error","message":"Request: undefined undefined","timestamp":"2024-10-31 06:41:21"}
{"level":"error","message":"IP Address: undefined","timestamp":"2024-10-31 06:41:21"}
{"level":"error","message":"Error: Test Error","timestamp":"2024-10-31 06:41:55"}
{"level":"error","message":"Request: undefined undefined","timestamp":"2024-10-31 06:41:55"}
{"level":"error","message":"IP Address: undefined","timestamp":"2024-10-31 06:41:55"}
{"level":"error","message":"Error: Test Error","timestamp":"2024-10-31 06:41:55"}
{"level":"error","message":"Request: undefined undefined","timestamp":"2024-10-31 06:41:55"}
{"level":"error","message":"IP Address: undefined","timestamp":"2024-10-31 06:41:55"}
{"level":"error","message":"Error: Unknown error","timestamp":"2024-10-31 06:41:55"}
{"level":"error","message":"Request: undefined undefined","timestamp":"2024-10-31 06:41:55"}
{"level":"error","message":"IP Address: undefined","timestamp":"2024-10-31 06:41:55"}
{"level":"error","message":"Error: Test Error","timestamp":"2024-10-31 06:42:02"}
{"level":"error","message":"Request: undefined undefined","timestamp":"2024-10-31 06:42:02"}
{"level":"error","message":"IP Address: undefined","timestamp":"2024-10-31 06:42:02"}
{"level":"error","message":"Error: Test Error","timestamp":"2024-10-31 06:42:02"}
{"level":"error","message":"Request: undefined undefined","timestamp":"2024-10-31 06:42:02"}
{"level":"error","message":"IP Address: undefined","timestamp":"2024-10-31 06:42:02"}
{"level":"error","message":"Error: Unknown error","timestamp":"2024-10-31 06:42:02"}
{"level":"error","message":"Request: undefined undefined","timestamp":"2024-10-31 06:42:02"}
{"level":"error","message":"IP Address: undefined","timestamp":"2024-10-31 06:42:02"}
{"level":"error","message":"Error: Test Error","timestamp":"2024-10-31 06:55:25"}
{"level":"error","message":"Request: undefined undefined","timestamp":"2024-10-31 06:55:25"}
{"level":"error","message":"IP Address: undefined","timestamp":"2024-10-31 06:55:25"}
{"level":"error","message":"Error: Test Error","timestamp":"2024-10-31 06:55:25"}
{"level":"error","message":"Request: undefined undefined","timestamp":"2024-10-31 06:55:25"}
{"level":"error","message":"IP Address: undefined","timestamp":"2024-10-31 06:55:25"}
{"level":"error","message":"Error: Unknown error","timestamp":"2024-10-31 06:55:25"}
{"level":"error","message":"Request: undefined undefined","timestamp":"2024-10-31 06:55:25"}
{"level":"error","message":"IP Address: undefined","timestamp":"2024-10-31 06:55:25"}
{"level":"info","message":"GET /continents - ::1","timestamp":"2024-10-31 06:55:48"}
{"level":"info","message":"GET /continents - ::1","timestamp":"2024-10-31 06:56:25"}
{"level":"info","message":"GET /continents/1017 - ::1","timestamp":"2024-10-31 06:56:38"}
{"level":"info","message":"GET /continents - ::1","timestamp":"2024-10-31 06:56:40"}
{"level":"info","message":"GET /continents - ::1","timestamp":"2024-10-31 06:56:43"}
{"level":"info","message":"GET /continents?limit=5&page=2 - ::1","timestamp":"2024-10-31 06:56:43"}
{"level":"info","message":"POST /continents - ::1","timestamp":"2024-10-31 06:56:48"}
{"level":"info","message":"POST /continents - ::1","timestamp":"2024-10-31 06:56:57"}
{"level":"info","message":"GET /continents - ::1","timestamp":"2024-10-31 06:56:59"}
{"level":"info","message":"GET /continents - ::1","timestamp":"2024-10-31 06:57:00"}
{"level":"info","message":"GET /continents?limit=5&page=2 - ::1","timestamp":"2024-10-31 06:57:00"}
{"level":"info","message":"GET /continents?limit=5&page=2 - ::1","timestamp":"2024-10-31 06:57:02"}
{"level":"info","message":"GET /continents?limit=5&page=1 - ::1","timestamp":"2024-10-31 06:57:02"}
{"level":"info","message":"GET /continents?limit=5&page=1 - ::1","timestamp":"2024-10-31 06:57:04"}
{"level":"info","message":"GET /continents?limit=5&page=2 - ::1","timestamp":"2024-10-31 06:57:04"}
{"level":"info","message":"GET /continents/1033 - ::1","timestamp":"2024-10-31 06:57:07"}
{"level":"info","message":"DELETE /continents/1033 - ::1","timestamp":"2024-10-31 06:57:08"}
{"level":"info","message":"GET /continents - ::1","timestamp":"2024-10-31 06:57:09"}
{"level":"info","message":"GET /continents - ::1","timestamp":"2024-10-31 06:57:11"}
{"level":"info","message":"GET /continents?limit=5&page=2 - ::1","timestamp":"2024-10-31 06:57:11"}
{"level":"info","message":"GET /continents?limit=5&page=2 - ::1","timestamp":"2024-10-31 06:57:13"}
{"level":"info","message":"GET /continents?limit=5&page=2 - ::1","timestamp":"2024-10-31 06:57:14"}
{"level":"info","message":"GET /continents?limit=5&page=2 - ::1","timestamp":"2024-10-31 06:57:15"}
{"level":"info","message":"GET /continents?limit=5&page=1 - ::1","timestamp":"2024-10-31 06:57:15"}
{"level":"info","message":"GET /continents?limit=5&page=1 - ::1","timestamp":"2024-10-31 06:57:17"}
{"level":"info","message":"GET /continents?limit=10&page=1 - ::1","timestamp":"2024-10-31 06:57:17"}
{"level":"info","message":"GET /continents/1034 - ::1","timestamp":"2024-10-31 06:57:19"}
{"level":"info","message":"DELETE /continents/1034 - ::1","timestamp":"2024-10-31 06:57:20"}
{"level":"info","message":"GET /continents - ::1","timestamp":"2024-10-31 06:57:22"}
{"level":"info","message":"POST /continents - ::1","timestamp":"2024-10-31 06:57:34"}
{"level":"info","message":"GET /continents - ::1","timestamp":"2024-10-31 06:57:35"}
{"level":"info","message":"GET /continents - ::1","timestamp":"2024-10-31 06:57:36"}
{"level":"info","message":"GET /continents?limit=5&page=2 - ::1","timestamp":"2024-10-31 06:57:36"}
{"level":"info","message":"GET /continents?limit=5&page=2 - ::1","timestamp":"2024-10-31 06:57:38"}
{"level":"info","message":"GET /continents?limit=5&page=1 - ::1","timestamp":"2024-10-31 06:57:38"}
{"level":"info","message":"GET /continents?limit=5&page=1 - ::1","timestamp":"2024-10-31 06:57:44"}
{"level":"info","message":"GET /continents?limit=5&page=1 - ::1","timestamp":"2024-10-31 06:57:45"}
{"level":"info","message":"GET /continents?limit=5&page=1 - ::1","timestamp":"2024-10-31 06:57:46"}
{"level":"info","message":"GET /continents?limit=5&page=2 - ::1","timestamp":"2024-10-31 06:57:46"}
{"level":"info","message":"POST /continents - ::1","timestamp":"2024-10-31 06:57:59"}
{"level":"info","message":"GET /continents - ::1","timestamp":"2024-10-31 06:58:00"}
{"level":"info","message":"GET /continents - ::1","timestamp":"2024-10-31 06:58:02"}
{"level":"info","message":"GET /continents?limit=5&page=2 - ::1","timestamp":"2024-10-31 06:58:02"}
{"level":"info","message":"GET /continents?limit=5&page=2 - ::1","timestamp":"2024-10-31 06:58:04"}
{"level":"info","message":"GET /continents?limit=5&page=1 - ::1","timestamp":"2024-10-31 06:58:04"}
{"level":"info","message":"GET /continents?limit=5&page=1 - ::1","timestamp":"2024-10-31 06:59:49"}
{"level":"info","message":"GET /continents - ::1","timestamp":"2024-10-31 07:46:12"}
{"level":"info","message":"GET /continents - ::1","timestamp":"2024-10-31 07:46:21"}
{"level":"info","message":"GET /continents - ::1","timestamp":"2024-10-31 07:46:23"}
{"level":"info","message":"GET /continents?limit=5&page=2 - ::1","timestamp":"2024-10-31 07:46:23"}
{"level":"info","message":"GET /continents?limit=5&page=2 - ::1","timestamp":"2024-10-31 07:46:24"}
{"level":"info","message":"GET /continents?limit=5&page=1 - ::1","timestamp":"2024-10-31 07:46:24"}
{"level":"info","message":"GET /continents?limit=5&page=1 - ::1","timestamp":"2024-10-31 07:46:25"}
{"level":"info","message":"GET /continents?limit=5&page=2 - ::1","timestamp":"2024-10-31 07:46:25"}
{"level":"info","message":"GET /continents - ::1","timestamp":"2024-10-31 07:46:26"}
{"level":"info","message":"GET /continents - ::1","timestamp":"2024-10-31 08:11:45"}
{"level":"info","message":"GET /continents?limit=5&page=1 - ::1","timestamp":"2024-10-31 08:11:56"}
{"level":"info","message":"GET /continents - ::1","timestamp":"2024-10-31 08:24:18"}
{"level":"info","message":"GET /continents - ::1","timestamp":"2024-10-31 08:27:52"}
{"level":"info","message":"GET /continents - ::1","timestamp":"2024-10-31 08:27:52"}
{"level":"info","message":"GET /continents - ::1","timestamp":"2024-10-31 08:34:35"}
{"level":"info","message":"GET /continents - ::1","timestamp":"2024-10-31 08:34:35"}
{"level":"info","message":"GET /continents - ::1","timestamp":"2024-10-31 08:34:51"}
{"level":"info","message":"GET /continents - ::1","timestamp":"2024-10-31 08:34:51"}
{"level":"info","message":"GET /continents - ::1","timestamp":"2024-10-31 08:35:01"}
{"level":"info","message":"GET /continents - ::1","timestamp":"2024-10-31 08:36:09"}
{"level":"info","message":"GET /continents - ::1","timestamp":"2024-10-31 08:36:58"}
{"level":"info","message":"GET /continents - ::1","timestamp":"2024-10-31 08:38:08"}
{"level":"info","message":"GET /continents - ::1","timestamp":"2024-10-31 08:39:30"}
{"level":"info","message":"GET /continents?limit=2&page=1 - ::1","timestamp":"2024-10-31 08:39:30"}
{"level":"info","message":"GET /continents?limit=2&page=1 - ::1","timestamp":"2024-10-31 08:39:33"}
{"level":"info","message":"GET /continents?limit=3&page=1 - ::1","timestamp":"2024-10-31 08:39:33"}
{"level":"info","message":"GET /continents?limit=3&page=1 - ::1","timestamp":"2024-10-31 08:39:35"}
{"level":"info","message":"GET /continents?limit=4&page=1 - ::1","timestamp":"2024-10-31 08:39:35"}
{"level":"info","message":"GET /continents?limit=3&page=1 - ::1","timestamp":"2024-10-31 08:39:39"}
{"level":"info","message":"GET /continents?limit=4&page=1 - ::1","timestamp":"2024-10-31 08:39:42"}
{"level":"info","message":"GET /continents?limit=3&page=1 - ::1","timestamp":"2024-10-31 08:39:46"}
{"level":"info","message":"GET /continents?limit=3&page=1 - ::1","timestamp":"2024-10-31 08:39:54"}
{"level":"info","message":"GET /continents?limit=3&page=1 - ::1","timestamp":"2024-10-31 08:41:38"}
{"level":"info","message":"GET /continents?limit=3&page=1 - ::1","timestamp":"2024-10-31 08:41:44"}
{"level":"info","message":"GET /continents?limit=3&page=1 - ::1","timestamp":"2024-10-31 08:42:59"}
{"level":"info","message":"GET /continents?limit=3&page=1 - ::1","timestamp":"2024-10-31 08:43:04"}
{"level":"info","message":"GET /continents?limit=3&page=1 - ::1","timestamp":"2024-10-31 08:43:07"}
{"level":"info","message":"GET /continents?limit=3&page=3 - ::1","timestamp":"2024-10-31 08:43:07"}
{"level":"info","message":"GET /continents?limit=3&page=3 - ::1","timestamp":"2024-10-31 08:43:08"}
{"level":"info","message":"GET /continents?limit=3&page=2 - ::1","timestamp":"2024-10-31 08:43:08"}
{"level":"info","message":"GET /continents?limit=3&page=2 - ::1","timestamp":"2024-10-31 08:43:09"}
{"level":"info","message":"GET /continents?limit=3&page=3 - ::1","timestamp":"2024-10-31 08:43:10"}
{"level":"info","message":"GET /continents?limit=3&page=3 - ::1","timestamp":"2024-10-31 08:43:10"}
{"level":"info","message":"GET /continents?limit=3&page=1 - ::1","timestamp":"2024-10-31 08:43:10"}
{"level":"info","message":"GET /continents?limit=3&page=1 - ::1","timestamp":"2024-10-31 08:43:12"}
{"level":"info","message":"GET /continents?limit=3&page=2 - ::1","timestamp":"2024-10-31 08:43:12"}
{"level":"info","message":"GET /continents?limit=3&page=2 - ::1","timestamp":"2024-10-31 08:43:13"}
{"level":"info","message":"GET /continents?limit=3&page=3 - ::1","timestamp":"2024-10-31 08:43:13"}
{"level":"info","message":"GET /continents?limit=3&page=3 - ::1","timestamp":"2024-10-31 08:43:15"}
{"level":"info","message":"GET /continents?limit=1&page=3 - ::1","timestamp":"2024-10-31 08:43:15"}
{"level":"info","message":"GET /continents?limit=1&page=3 - ::1","timestamp":"2024-10-31 08:43:16"}
{"level":"info","message":"GET /continents?limit=2&page=3 - ::1","timestamp":"2024-10-31 08:43:16"}
{"level":"info","message":"GET /continents?limit=2&page=3 - ::1","timestamp":"2024-10-31 08:43:18"}
{"level":"info","message":"GET /continents?limit=4&page=3 - ::1","timestamp":"2024-10-31 08:43:18"}
{"level":"info","message":"GET /continents?limit=4&page=3 - ::1","timestamp":"2024-10-31 08:43:19"}
{"level":"info","message":"GET /continents?limit=5&page=1 - ::1","timestamp":"2024-10-31 08:43:19"}
{"level":"info","message":"GET /continents?limit=5&page=1 - ::1","timestamp":"2024-10-31 08:43:21"}
{"level":"info","message":"GET /continents?limit=10&page=1 - ::1","timestamp":"2024-10-31 08:43:21"}
{"level":"info","message":"GET /continents?limit=5&page=1 - ::1","timestamp":"2024-10-31 08:43:23"}
{"level":"info","message":"GET /continents?limit=5&page=2 - ::1","timestamp":"2024-10-31 08:43:28"}
{"level":"info","message":"GET /continents?limit=5&page=2&sort=name - ::1","timestamp":"2024-10-31 08:44:40"}
{"level":"info","message":"GET /continents?limit=5&page=2&sort=name - ::1","timestamp":"2024-10-31 08:44:40"}
{"level":"info","message":"GET /continents?limit=5&page=2&sort=-name - ::1","timestamp":"2024-10-31 08:44:41"}
{"level":"info","message":"GET /continents?limit=5&page=2&sort=-name - ::1","timestamp":"2024-10-31 08:44:41"}
{"level":"info","message":"GET /continents?limit=5&page=2 - ::1","timestamp":"2024-10-31 08:44:42"}
{"level":"info","message":"GET /continents?limit=5&page=2 - ::1","timestamp":"2024-10-31 08:44:42"}
{"level":"info","message":"GET /continents?limit=5&page=2&sort=name - ::1","timestamp":"2024-10-31 08:44:43"}
{"level":"info","message":"GET /continents?limit=5&page=2&sort=name - ::1","timestamp":"2024-10-31 08:44:43"}
{"level":"info","message":"GET /continents?limit=5&page=2&sort=-name - ::1","timestamp":"2024-10-31 08:44:45"}
{"level":"info","message":"GET /continents?limit=5&page=2&sort=-name - ::1","timestamp":"2024-10-31 08:44:45"}
{"level":"info","message":"GET /continents?limit=5&page=2 - ::1","timestamp":"2024-10-31 08:44:47"}
{"level":"info","message":"GET /continents?limit=5&page=2 - ::1","timestamp":"2024-10-31 08:44:47"}
{"level":"info","message":"GET /continents?limit=5&page=2 - ::1","timestamp":"2024-10-31 08:44:49"}
{"level":"info","message":"GET /continents?limit=5&page=1 - ::1","timestamp":"2024-10-31 08:44:49"}
{"level":"info","message":"GET /continents/1002 - ::1","timestamp":"2024-10-31 08:44:52"}
{"level":"info","message":"GET /continents - ::1","timestamp":"2024-10-31 08:44:54"}
{"level":"info","message":"GET /continents - ::1","timestamp":"2024-10-31 08:45:05"}
{"level":"info","message":"GET /continents?limit=2&page=1 - ::1","timestamp":"2024-10-31 08:45:05"}
{"level":"info","message":"GET /continents?limit=2&page=1&name=a - ::1","timestamp":"2024-10-31 08:45:08"}
{"level":"info","message":"GET /continents?limit=2&page=1&name=a - ::1","timestamp":"2024-10-31 08:45:08"}
{"level":"info","message":"GET /continents?limit=2&page=1&name=a - ::1","timestamp":"2024-10-31 08:45:12"}
{"level":"info","message":"GET /continents?limit=2&page=2&name=a - ::1","timestamp":"2024-10-31 08:45:12"}
{"level":"info","message":"GET /continents?limit=2&page=2&name=a - ::1","timestamp":"2024-10-31 08:45:12"}
{"level":"info","message":"GET /continents?limit=2&page=3&name=a - ::1","timestamp":"2024-10-31 08:45:12"}
{"level":"info","message":"GET /continents?limit=2&page=2&name=a - ::1","timestamp":"2024-10-31 08:45:14"}
{"level":"info","message":"GET /continents?limit=2&page=1&name=a - ::1","timestamp":"2024-10-31 08:45:15"}
{"level":"info","message":"GET /continents?limit=2&page=1&name=a&sort=name - ::1","timestamp":"2024-10-31 08:45:16"}
{"level":"info","message":"GET /continents?limit=2&page=1&name=a&sort=name - ::1","timestamp":"2024-10-31 08:45:16"}
{"level":"info","message":"GET /continents?limit=2&page=1&name=a&sort=-name - ::1","timestamp":"2024-10-31 08:45:18"}
{"level":"info","message":"GET /continents?limit=2&page=1&name=a&sort=-name - ::1","timestamp":"2024-10-31 08:45:18"}
{"level":"info","message":"GET /continents?limit=2&page=1&name=a - ::1","timestamp":"2024-10-31 08:47:01"}
{"level":"info","message":"GET /continents - ::1","timestamp":"2024-10-31 08:47:10"}
{"level":"info","message":"GET /continents - ::1","timestamp":"2024-10-31 08:47:14"}
{"level":"info","message":"GET /continents?limit=5&page=1 - ::1","timestamp":"2024-10-31 08:47:14"}
{"level":"info","message":"GET /continents?limit=5&page=1 - ::1","timestamp":"2024-10-31 08:47:18"}
{"level":"info","message":"GET /continents?limit=5&page=1 - ::1","timestamp":"2024-10-31 08:47:22"}
{"level":"info","message":"GET /continents?limit=5&page=1 - ::1","timestamp":"2024-10-31 08:47:23"}
{"level":"info","message":"GET /continents?limit=5&page=2 - ::1","timestamp":"2024-10-31 08:47:23"}
{"level":"info","message":"GET /continents?limit=5&page=1 - ::1","timestamp":"2024-10-31 08:47:24"}
{"level":"info","message":"GET /continents?limit=5&page=2 - ::1","timestamp":"2024-10-31 08:47:26"}
{"level":"info","message":"GET /continents?limit=5&page=1 - ::1","timestamp":"2024-10-31 08:47:28"}
{"level":"info","message":"GET /continents - ::1","timestamp":"2024-10-31 08:47:40"}
{"level":"info","message":"GET /continents/1000 - ::1","timestamp":"2024-10-31 08:49:34"}
{"level":"info","message":"GET /continents/1000 - ::1","timestamp":"2024-10-31 08:51:45"}
{"level":"info","message":"GET /continents - ::1","timestamp":"2024-10-31 08:51:49"}
{"level":"info","message":"GET /continents/1000 - ::1","timestamp":"2024-10-31 08:51:49"}
{"level":"info","message":"PUT /continents/1000 - ::1","timestamp":"2024-10-31 08:51:55"}
{"level":"info","message":"GET /continents - ::1","timestamp":"2024-10-31 08:51:57"}
{"level":"info","message":"GET /continents/1000 - ::1","timestamp":"2024-10-31 08:51:59"}
{"level":"info","message":"PUT /continents/1000 - ::1","timestamp":"2024-10-31 08:52:02"}
{"level":"info","message":"PUT /continents/1000 - ::1","timestamp":"2024-10-31 08:52:12"}
{"level":"info","message":"GET /continents - ::1","timestamp":"2024-10-31 08:52:14"}
{"level":"info","message":"GET /continents/1000 - ::1","timestamp":"2024-10-31 08:52:15"}
{"level":"info","message":"PUT /continents/1000 - ::1","timestamp":"2024-10-31 08:52:23"}
{"level":"error","message":"Error: Continent not found","timestamp":"2024-10-31 08:52:23"}
{"level":"error","message":"Request: PUT /continents/1000","timestamp":"2024-10-31 08:52:23"}
{"level":"error","message":"IP Address: ::1","timestamp":"2024-10-31 08:52:23"}
{"level":"info","message":"GET /continents - ::1","timestamp":"2024-10-31 09:08:03"}
{"level":"info","message":"GET /continents/1006 - ::1","timestamp":"2024-10-31 09:08:22"}
{"level":"info","message":"GET /continents - ::1","timestamp":"2024-10-31 09:08:25"}
{"level":"info","message":"GET /continents - ::1","timestamp":"2024-10-31 09:08:35"}
{"level":"info","message":"GET /continents?limit=10&page=1 - ::1","timestamp":"2024-10-31 09:08:35"}
{"level":"info","message":"GET /continents?limit=10&page=1 - ::1","timestamp":"2024-10-31 09:08:36"}
{"level":"info","message":"GET /continents - ::1","timestamp":"2024-10-31 09:08:40"}
{"level":"info","message":"GET /continents - ::1","timestamp":"2024-10-31 09:08:45"}
{"level":"info","message":"GET /continents?limit=2&page=1 - ::1","timestamp":"2024-10-31 09:08:45"}
{"level":"info","message":"GET /continents?limit=2&page=1 - ::1","timestamp":"2024-10-31 09:08:47"}
{"level":"info","message":"GET /continents?limit=2&page=4 - ::1","timestamp":"2024-10-31 09:08:47"}
{"level":"info","message":"GET /continents?limit=2&page=4 - ::1","timestamp":"2024-10-31 09:08:48"}
{"level":"info","message":"GET /continents?limit=2&page=3 - ::1","timestamp":"2024-10-31 09:08:48"}
{"level":"info","message":"GET /continents?limit=2&page=3 - ::1","timestamp":"2024-10-31 09:08:49"}
{"level":"info","message":"GET /continents?limit=2&page=4 - ::1","timestamp":"2024-10-31 09:08:49"}
{"level":"info","message":"GET /continents - ::1","timestamp":"2024-10-31 09:11:01"}
{"level":"info","message":"POST /continents - ::1","timestamp":"2024-10-31 09:11:15"}
{"level":"info","message":"GET /continents - ::1","timestamp":"2024-10-31 09:11:17"}
{"level":"info","message":"POST /continents - ::1","timestamp":"2024-10-31 09:11:26"}
{"level":"info","message":"GET /continents - ::1","timestamp":"2024-10-31 09:11:28"}
{"level":"info","message":"GET /continents/1007 - ::1","timestamp":"2024-10-31 09:11:31"}
{"level":"info","message":"PUT /continents/1007 - ::1","timestamp":"2024-10-31 09:11:36"}
{"level":"info","message":"PUT /continents/1007 - ::1","timestamp":"2024-10-31 09:13:12"}
{"level":"info","message":"GET /continents - ::1","timestamp":"2024-10-31 09:14:54"}
{"level":"info","message":"GET /continents/1007 - ::1","timestamp":"2024-10-31 09:14:56"}
{"level":"info","message":"DELETE /continents/1007 - ::1","timestamp":"2024-10-31 09:15:01"}
{"level":"info","message":"GET /continents - ::1","timestamp":"2024-10-31 09:27:10"}
{"level":"info","message":"POST /continents - ::1","timestamp":"2024-10-31 09:27:21"}
{"level":"info","message":"GET /continents - ::1","timestamp":"2024-10-31 09:27:25"}
{"level":"info","message":"GET /continents/1008 - ::1","timestamp":"2024-10-31 09:27:27"}
{"level":"info","message":"GET /continents - ::1","timestamp":"2024-10-31 09:28:43"}
{"level":"info","message":"GET /continents/1008 - ::1","timestamp":"2024-10-31 09:28:44"}
{"level":"info","message":"PUT /continents/1008 - ::1","timestamp":"2024-10-31 09:28:49"}
{"level":"error","message":"Error: Continent not found","timestamp":"2024-10-31 09:28:49"}
{"level":"error","message":"Request: PUT /continents/1008","timestamp":"2024-10-31 09:28:49"}
{"level":"error","message":"IP Address: ::1","timestamp":"2024-10-31 09:28:49"}
{"level":"info","message":"GET /continents - ::1","timestamp":"2024-10-31 09:28:58"}
{"level":"info","message":"GET /continents/1008 - ::1","timestamp":"2024-10-31 09:28:59"}
{"level":"info","message":"PUT /continents/1008 - ::1","timestamp":"2024-10-31 09:29:08"}
{"level":"info","message":"GET /continents - ::1","timestamp":"2024-10-31 09:29:09"}
{"level":"info","message":"GET /continents/1008 - ::1","timestamp":"2024-10-31 09:29:11"}
{"level":"info","message":"PUT /continents/1008 - ::1","timestamp":"2024-10-31 09:29:14"}
{"level":"info","message":"GET /continents - ::1","timestamp":"2024-10-31 09:29:16"}
{"level":"info","message":"GET /continents/1008 - ::1","timestamp":"2024-10-31 09:29:17"}
{"level":"info","message":"PUT /continents/1008 - ::1","timestamp":"2024-10-31 09:29:24"}
{"level":"info","message":"GET /continents - ::1","timestamp":"2024-10-31 09:29:26"}
{"level":"info","message":"GET /continents/1008 - ::1","timestamp":"2024-10-31 09:29:27"}
{"level":"info","message":"GET /continents - ::1","timestamp":"2024-10-31 09:30:08"}
{"level":"info","message":"GET /continents/1008 - ::1","timestamp":"2024-10-31 09:30:09"}
{"level":"info","message":"DELETE /continents/1008 - ::1","timestamp":"2024-10-31 09:30:11"}
{"level":"info","message":"GET /continents - ::1","timestamp":"2024-10-31 09:30:12"}
{"level":"error","message":"Error: Test Error","timestamp":"2024-10-31 09:31:18"}
{"level":"error","message":"Request: undefined undefined","timestamp":"2024-10-31 09:31:18"}
{"level":"error","message":"IP Address: undefined","timestamp":"2024-10-31 09:31:18"}
{"level":"error","message":"Error: Test Error","timestamp":"2024-10-31 09:31:18"}
{"level":"error","message":"Request: undefined undefined","timestamp":"2024-10-31 09:31:18"}
{"level":"error","message":"IP Address: undefined","timestamp":"2024-10-31 09:31:18"}
{"level":"error","message":"Error: Unknown error","timestamp":"2024-10-31 09:31:18"}
{"level":"error","message":"Request: undefined undefined","timestamp":"2024-10-31 09:31:18"}
{"level":"error","message":"IP Address: undefined","timestamp":"2024-10-31 09:31:18"}
