{"level":"info","message":"GET / - ::1","timestamp":"2024-10-29 10:57:25"}
{"level":"info","message":"GET /favicon.ico - ::1","timestamp":"2024-10-29 10:57:25"}
{"level":"info","message":"GET /continents - ::1","timestamp":"2024-10-29 10:57:29"}
{"level":"info","message":"GET /continents - ::1","timestamp":"2024-10-29 10:58:03"}
{"level":"info","message":"GET /continents - ::1","timestamp":"2024-10-29 10:58:35"}
{"level":"info","message":"GET /continents - ::1","timestamp":"2024-10-29 10:59:49"}
{"level":"error","message":"Error: this.dbClient.collection is not a function","timestamp":"2024-10-29 10:59:49"}
{"level":"error","message":"Request: GET /continents","timestamp":"2024-10-29 10:59:49"}
{"level":"error","message":"IP Address: ::1","timestamp":"2024-10-29 10:59:49"}
{"level":"error","message":"Error: Test Error","timestamp":"2024-10-29 16:17:27"}
{"level":"error","message":"Request: undefined undefined","timestamp":"2024-10-29 16:17:27"}
{"level":"error","message":"IP Address: undefined","timestamp":"2024-10-29 16:17:27"}
{"level":"error","message":"Error: Test Error","timestamp":"2024-10-29 16:17:27"}
{"level":"error","message":"Request: undefined undefined","timestamp":"2024-10-29 16:17:27"}
{"level":"error","message":"IP Address: undefined","timestamp":"2024-10-29 16:17:27"}
{"level":"error","message":"Error: Unknown error","timestamp":"2024-10-29 16:17:27"}
{"level":"error","message":"Request: undefined undefined","timestamp":"2024-10-29 16:17:27"}
{"level":"error","message":"IP Address: undefined","timestamp":"2024-10-29 16:17:27"}
{"level":"info","message":"GET / - ::ffff:127.0.0.1","timestamp":"2024-10-29 16:17:28"}
{"level":"info","message":"GET / - ::ffff:127.0.0.1","timestamp":"2024-10-29 16:17:28"}
{"level":"info","message":"GET / - ::ffff:127.0.0.1","timestamp":"2024-10-29 16:17:28"}
{"level":"info","message":"GET /random-url - ::ffff:127.0.0.1","timestamp":"2024-10-29 16:17:28"}
{"level":"info","message":"GET / - ::ffff:127.0.0.1","timestamp":"2024-10-29 16:17:29"}
{"level":"info","message":"GET / - ::1","timestamp":"2024-10-29 17:43:18"}
{"level":"info","message":"GET /favicon.ico - ::1","timestamp":"2024-10-29 17:43:18"}
{"level":"info","message":"GET /continents - ::1","timestamp":"2024-10-29 17:43:22"}
