{"level":"error","message":"Error: Test Error","timestamp":"2024-10-28 09:06:00"}
{"level":"error","message":"Request: undefined undefined","timestamp":"2024-10-28 09:06:00"}
{"level":"error","message":"IP Address: undefined","timestamp":"2024-10-28 09:06:00"}
{"level":"error","message":"Error: Test Error","timestamp":"2024-10-28 09:06:00"}
{"level":"error","message":"Request: undefined undefined","timestamp":"2024-10-28 09:06:00"}
{"level":"error","message":"IP Address: undefined","timestamp":"2024-10-28 09:06:00"}
{"level":"error","message":"Error: Unknown error","timestamp":"2024-10-28 09:06:00"}
{"level":"error","message":"Request: undefined undefined","timestamp":"2024-10-28 09:06:00"}
{"level":"error","message":"IP Address: undefined","timestamp":"2024-10-28 09:06:00"}
{"level":"error","message":"Unsupported database type: sequelize_pg","timestamp":"2024-10-28 14:46:14"}
{"level":"error","message":"Unsupported database type: sequelize_pg","timestamp":"2024-10-28 14:49:18"}
{"level":"error","message":"Unsupported database type: sequelize_pg","timestamp":"2024-10-28 14:49:53"}
{"level":"error","message":"Error: Test Error","timestamp":"2024-10-28 16:40:06"}
{"level":"error","message":"Request: undefined undefined","timestamp":"2024-10-28 16:40:06"}
{"level":"error","message":"IP Address: undefined","timestamp":"2024-10-28 16:40:06"}
{"level":"error","message":"Error: Test Error","timestamp":"2024-10-28 16:40:06"}
{"level":"error","message":"Request: undefined undefined","timestamp":"2024-10-28 16:40:06"}
{"level":"error","message":"IP Address: undefined","timestamp":"2024-10-28 16:40:06"}
{"level":"error","message":"Error: Unknown error","timestamp":"2024-10-28 16:40:06"}
{"level":"error","message":"Request: undefined undefined","timestamp":"2024-10-28 16:40:06"}
{"level":"error","message":"IP Address: undefined","timestamp":"2024-10-28 16:40:06"}
{"level":"error","message":"Unsupported database type: sequelize_pg","timestamp":"2024-10-28 16:40:07"}
{"level":"error","message":"Unsupported database type: sequelize_pg","timestamp":"2024-10-28 16:40:07"}
{"level":"error","message":"Unsupported database type: sequelize_pg","timestamp":"2024-10-28 16:40:07"}
{"level":"error","message":"Unsupported database type: sequelize_pg","timestamp":"2024-10-28 16:40:07"}
{"level":"error","message":"Unsupported database type: sequelize_pg","timestamp":"2024-10-28 16:40:07"}
{"level":"error","message":"Unsupported database type: sequelize_pg","timestamp":"2024-10-28 16:40:07"}
{"level":"error","message":"Error: Test Error","timestamp":"2024-10-28 16:41:40"}
{"level":"error","message":"Request: undefined undefined","timestamp":"2024-10-28 16:41:40"}
{"level":"error","message":"IP Address: undefined","timestamp":"2024-10-28 16:41:40"}
{"level":"error","message":"Error: Test Error","timestamp":"2024-10-28 16:41:40"}
{"level":"error","message":"Request: undefined undefined","timestamp":"2024-10-28 16:41:40"}
{"level":"error","message":"IP Address: undefined","timestamp":"2024-10-28 16:41:40"}
{"level":"error","message":"Error: Unknown error","timestamp":"2024-10-28 16:41:40"}
{"level":"error","message":"Request: undefined undefined","timestamp":"2024-10-28 16:41:40"}
{"level":"error","message":"IP Address: undefined","timestamp":"2024-10-28 16:41:40"}
{"level":"error","message":"Error: Test Error","timestamp":"2024-10-28 16:42:18"}
{"level":"error","message":"Request: undefined undefined","timestamp":"2024-10-28 16:42:18"}
{"level":"error","message":"IP Address: undefined","timestamp":"2024-10-28 16:42:18"}
{"level":"error","message":"Error: Test Error","timestamp":"2024-10-28 16:42:18"}
{"level":"error","message":"Request: undefined undefined","timestamp":"2024-10-28 16:42:18"}
{"level":"error","message":"IP Address: undefined","timestamp":"2024-10-28 16:42:18"}
{"level":"error","message":"Error: Unknown error","timestamp":"2024-10-28 16:42:18"}
{"level":"error","message":"Request: undefined undefined","timestamp":"2024-10-28 16:42:18"}
{"level":"error","message":"IP Address: undefined","timestamp":"2024-10-28 16:42:18"}
{"level":"error","message":"Error: Test Error","timestamp":"2024-10-28 16:42:30"}
{"level":"error","message":"Request: undefined undefined","timestamp":"2024-10-28 16:42:30"}
{"level":"error","message":"IP Address: undefined","timestamp":"2024-10-28 16:42:30"}
{"level":"error","message":"Error: Test Error","timestamp":"2024-10-28 16:42:30"}
{"level":"error","message":"Request: undefined undefined","timestamp":"2024-10-28 16:42:30"}
{"level":"error","message":"IP Address: undefined","timestamp":"2024-10-28 16:42:30"}
{"level":"error","message":"Error: Unknown error","timestamp":"2024-10-28 16:42:30"}
{"level":"error","message":"Request: undefined undefined","timestamp":"2024-10-28 16:42:30"}
{"level":"error","message":"IP Address: undefined","timestamp":"2024-10-28 16:42:30"}
{"level":"error","message":"Error: Test Error","timestamp":"2024-10-28 16:42:42"}
{"level":"error","message":"Request: undefined undefined","timestamp":"2024-10-28 16:42:42"}
{"level":"error","message":"IP Address: undefined","timestamp":"2024-10-28 16:42:42"}
{"level":"error","message":"Error: Test Error","timestamp":"2024-10-28 16:42:42"}
{"level":"error","message":"Request: undefined undefined","timestamp":"2024-10-28 16:42:42"}
{"level":"error","message":"IP Address: undefined","timestamp":"2024-10-28 16:42:42"}
{"level":"error","message":"Error: Unknown error","timestamp":"2024-10-28 16:42:42"}
{"level":"error","message":"Request: undefined undefined","timestamp":"2024-10-28 16:42:42"}
{"level":"error","message":"IP Address: undefined","timestamp":"2024-10-28 16:42:42"}
{"level":"error","message":"Error: Test Error","timestamp":"2024-10-28 17:10:40"}
{"level":"error","message":"Request: undefined undefined","timestamp":"2024-10-28 17:10:40"}
{"level":"error","message":"IP Address: undefined","timestamp":"2024-10-28 17:10:40"}
{"level":"error","message":"Error: Test Error","timestamp":"2024-10-28 17:10:40"}
{"level":"error","message":"Request: undefined undefined","timestamp":"2024-10-28 17:10:40"}
{"level":"error","message":"IP Address: undefined","timestamp":"2024-10-28 17:10:40"}
{"level":"error","message":"Error: Unknown error","timestamp":"2024-10-28 17:10:40"}
{"level":"error","message":"Request: undefined undefined","timestamp":"2024-10-28 17:10:40"}
{"level":"error","message":"IP Address: undefined","timestamp":"2024-10-28 17:10:40"}
{"level":"error","message":"Error: Continent not found","timestamp":"2024-10-28 17:12:19"}
{"level":"error","message":"Request: GET /continents/671fb7bb17f2a8312977e113","timestamp":"2024-10-28 17:12:19"}
{"level":"error","message":"IP Address: ::1","timestamp":"2024-10-28 17:12:19"}
{"level":"error","message":"Error: Continent not found","timestamp":"2024-10-28 17:13:32"}
{"level":"error","message":"Request: GET /continents/671fb7bb17f2a8312977e113","timestamp":"2024-10-28 17:13:32"}
{"level":"error","message":"IP Address: ::1","timestamp":"2024-10-28 17:13:32"}
{"level":"error","message":"Error: ObjectId is not defined","timestamp":"2024-10-28 17:15:37"}
{"level":"error","message":"Request: GET /continents/671fb7bb17f2a8312977e113","timestamp":"2024-10-28 17:15:37"}
{"level":"error","message":"IP Address: ::1","timestamp":"2024-10-28 17:15:37"}
{"level":"error","message":"Error: Test Error","timestamp":"2024-10-28 19:19:24"}
{"level":"error","message":"Request: undefined undefined","timestamp":"2024-10-28 19:19:24"}
{"level":"error","message":"IP Address: undefined","timestamp":"2024-10-28 19:19:24"}
{"level":"error","message":"Error: Test Error","timestamp":"2024-10-28 19:19:24"}
{"level":"error","message":"Request: undefined undefined","timestamp":"2024-10-28 19:19:24"}
{"level":"error","message":"IP Address: undefined","timestamp":"2024-10-28 19:19:24"}
{"level":"error","message":"Error: Unknown error","timestamp":"2024-10-28 19:19:24"}
{"level":"error","message":"Request: undefined undefined","timestamp":"2024-10-28 19:19:24"}
{"level":"error","message":"IP Address: undefined","timestamp":"2024-10-28 19:19:24"}
{"level":"error","message":"Error: Test Error","timestamp":"2024-10-28 19:20:53"}
{"level":"error","message":"Request: undefined undefined","timestamp":"2024-10-28 19:20:53"}
{"level":"error","message":"IP Address: undefined","timestamp":"2024-10-28 19:20:53"}
{"level":"error","message":"Error: Test Error","timestamp":"2024-10-28 19:20:53"}
{"level":"error","message":"Request: undefined undefined","timestamp":"2024-10-28 19:20:53"}
{"level":"error","message":"IP Address: undefined","timestamp":"2024-10-28 19:20:53"}
{"level":"error","message":"Error: Unknown error","timestamp":"2024-10-28 19:20:53"}
{"level":"error","message":"Request: undefined undefined","timestamp":"2024-10-28 19:20:53"}
{"level":"error","message":"IP Address: undefined","timestamp":"2024-10-28 19:20:53"}
{"level":"error","message":"Error: Test Error","timestamp":"2024-10-28 19:23:54"}
{"level":"error","message":"Request: undefined undefined","timestamp":"2024-10-28 19:23:54"}
{"level":"error","message":"IP Address: undefined","timestamp":"2024-10-28 19:23:54"}
{"level":"error","message":"Error: Test Error","timestamp":"2024-10-28 19:23:54"}
{"level":"error","message":"Request: undefined undefined","timestamp":"2024-10-28 19:23:54"}
{"level":"error","message":"IP Address: undefined","timestamp":"2024-10-28 19:23:54"}
{"level":"error","message":"Error: Unknown error","timestamp":"2024-10-28 19:23:54"}
{"level":"error","message":"Request: undefined undefined","timestamp":"2024-10-28 19:23:54"}
{"level":"error","message":"IP Address: undefined","timestamp":"2024-10-28 19:23:54"}
