{"level":"error","message":"Error: Test Error","timestamp":"2024-10-25 07:58:49"}
{"level":"error","message":"Request: undefined undefined","timestamp":"2024-10-25 07:58:49"}
{"level":"error","message":"IP Address: undefined","timestamp":"2024-10-25 07:58:49"}
{"level":"error","message":"Error: Test Error","timestamp":"2024-10-25 07:58:49"}
{"level":"error","message":"Request: undefined undefined","timestamp":"2024-10-25 07:58:49"}
{"level":"error","message":"IP Address: undefined","timestamp":"2024-10-25 07:58:49"}
{"level":"error","message":"Error: Unknown error","timestamp":"2024-10-25 07:58:49"}
{"level":"error","message":"Request: undefined undefined","timestamp":"2024-10-25 07:58:49"}
{"level":"error","message":"IP Address: undefined","timestamp":"2024-10-25 07:58:49"}
{"level":"error","message":"Error: Test Error","timestamp":"2024-10-25 10:31:14"}
{"level":"error","message":"Request: undefined undefined","timestamp":"2024-10-25 10:31:14"}
{"level":"error","message":"IP Address: undefined","timestamp":"2024-10-25 10:31:14"}
{"level":"error","message":"Error: Test Error","timestamp":"2024-10-25 10:31:14"}
{"level":"error","message":"Request: undefined undefined","timestamp":"2024-10-25 10:31:14"}
{"level":"error","message":"IP Address: undefined","timestamp":"2024-10-25 10:31:14"}
{"level":"error","message":"Error: Unknown error","timestamp":"2024-10-25 10:31:14"}
{"level":"error","message":"Request: undefined undefined","timestamp":"2024-10-25 10:31:14"}
{"level":"error","message":"IP Address: undefined","timestamp":"2024-10-25 10:31:14"}
{"level":"error","message":"Error: Test Error","timestamp":"2024-10-25 10:33:56"}
{"level":"error","message":"Request: undefined undefined","timestamp":"2024-10-25 10:33:56"}
{"level":"error","message":"IP Address: undefined","timestamp":"2024-10-25 10:33:56"}
{"level":"error","message":"Error: Test Error","timestamp":"2024-10-25 10:33:57"}
{"level":"error","message":"Request: undefined undefined","timestamp":"2024-10-25 10:33:57"}
{"level":"error","message":"IP Address: undefined","timestamp":"2024-10-25 10:33:57"}
{"level":"error","message":"Error: Unknown error","timestamp":"2024-10-25 10:33:57"}
{"level":"error","message":"Request: undefined undefined","timestamp":"2024-10-25 10:33:57"}
{"level":"error","message":"IP Address: undefined","timestamp":"2024-10-25 10:33:57"}
{"level":"error","message":"Error: Test Error","timestamp":"2024-10-25 10:36:03"}
{"level":"error","message":"Request: undefined undefined","timestamp":"2024-10-25 10:36:03"}
{"level":"error","message":"IP Address: undefined","timestamp":"2024-10-25 10:36:03"}
{"level":"error","message":"Error: Test Error","timestamp":"2024-10-25 10:36:03"}
{"level":"error","message":"Request: undefined undefined","timestamp":"2024-10-25 10:36:03"}
{"level":"error","message":"IP Address: undefined","timestamp":"2024-10-25 10:36:03"}
{"level":"error","message":"Error: Unknown error","timestamp":"2024-10-25 10:36:03"}
{"level":"error","message":"Request: undefined undefined","timestamp":"2024-10-25 10:36:03"}
{"level":"error","message":"IP Address: undefined","timestamp":"2024-10-25 10:36:03"}
{"level":"error","message":"Error: Test Error","timestamp":"2024-10-25 10:38:44"}
{"level":"error","message":"Request: undefined undefined","timestamp":"2024-10-25 10:38:44"}
{"level":"error","message":"IP Address: undefined","timestamp":"2024-10-25 10:38:44"}
{"level":"error","message":"Error: Test Error","timestamp":"2024-10-25 10:38:44"}
{"level":"error","message":"Request: undefined undefined","timestamp":"2024-10-25 10:38:44"}
{"level":"error","message":"IP Address: undefined","timestamp":"2024-10-25 10:38:44"}
{"level":"error","message":"Error: Unknown error","timestamp":"2024-10-25 10:38:44"}
{"level":"error","message":"Request: undefined undefined","timestamp":"2024-10-25 10:38:44"}
{"level":"error","message":"IP Address: undefined","timestamp":"2024-10-25 10:38:44"}
{"level":"error","message":"Error: Test Error","timestamp":"2024-10-25 10:39:38"}
{"level":"error","message":"Request: undefined undefined","timestamp":"2024-10-25 10:39:38"}
{"level":"error","message":"IP Address: undefined","timestamp":"2024-10-25 10:39:38"}
{"level":"error","message":"Error: Test Error","timestamp":"2024-10-25 10:39:38"}
{"level":"error","message":"Request: undefined undefined","timestamp":"2024-10-25 10:39:38"}
{"level":"error","message":"IP Address: undefined","timestamp":"2024-10-25 10:39:38"}
{"level":"error","message":"Error: Unknown error","timestamp":"2024-10-25 10:39:38"}
{"level":"error","message":"Request: undefined undefined","timestamp":"2024-10-25 10:39:38"}
{"level":"error","message":"IP Address: undefined","timestamp":"2024-10-25 10:39:38"}
{"level":"error","message":"Error: Test Error","timestamp":"2024-10-25 10:44:01"}
{"level":"error","message":"Request: undefined undefined","timestamp":"2024-10-25 10:44:01"}
{"level":"error","message":"IP Address: undefined","timestamp":"2024-10-25 10:44:01"}
{"level":"error","message":"Error: Test Error","timestamp":"2024-10-25 10:44:01"}
{"level":"error","message":"Request: undefined undefined","timestamp":"2024-10-25 10:44:01"}
{"level":"error","message":"IP Address: undefined","timestamp":"2024-10-25 10:44:01"}
{"level":"error","message":"Error: Unknown error","timestamp":"2024-10-25 10:44:01"}
{"level":"error","message":"Request: undefined undefined","timestamp":"2024-10-25 10:44:01"}
{"level":"error","message":"IP Address: undefined","timestamp":"2024-10-25 10:44:01"}
{"level":"error","message":"Error: Test Error","timestamp":"2024-10-25 10:59:29"}
{"level":"error","message":"Request: undefined undefined","timestamp":"2024-10-25 10:59:29"}
{"level":"error","message":"IP Address: undefined","timestamp":"2024-10-25 10:59:29"}
{"level":"error","message":"Error: Test Error","timestamp":"2024-10-25 10:59:29"}
{"level":"error","message":"Request: undefined undefined","timestamp":"2024-10-25 10:59:29"}
{"level":"error","message":"IP Address: undefined","timestamp":"2024-10-25 10:59:29"}
{"level":"error","message":"Error: Unknown error","timestamp":"2024-10-25 10:59:29"}
{"level":"error","message":"Request: undefined undefined","timestamp":"2024-10-25 10:59:29"}
{"level":"error","message":"IP Address: undefined","timestamp":"2024-10-25 10:59:29"}
{"level":"error","message":"Error: Test Error","timestamp":"2024-10-25 11:19:05"}
{"level":"error","message":"Request: undefined undefined","timestamp":"2024-10-25 11:19:05"}
{"level":"error","message":"IP Address: undefined","timestamp":"2024-10-25 11:19:05"}
{"level":"error","message":"Error: Test Error","timestamp":"2024-10-25 11:19:05"}
{"level":"error","message":"Request: undefined undefined","timestamp":"2024-10-25 11:19:05"}
{"level":"error","message":"IP Address: undefined","timestamp":"2024-10-25 11:19:05"}
{"level":"error","message":"Error: Unknown error","timestamp":"2024-10-25 11:19:05"}
{"level":"error","message":"Request: undefined undefined","timestamp":"2024-10-25 11:19:05"}
{"level":"error","message":"IP Address: undefined","timestamp":"2024-10-25 11:19:05"}
{"level":"error","message":"Error: Test Error","timestamp":"2024-10-25 11:23:17"}
{"level":"error","message":"Request: undefined undefined","timestamp":"2024-10-25 11:23:17"}
{"level":"error","message":"IP Address: undefined","timestamp":"2024-10-25 11:23:17"}
{"level":"error","message":"Error: Test Error","timestamp":"2024-10-25 11:23:17"}
{"level":"error","message":"Request: undefined undefined","timestamp":"2024-10-25 11:23:17"}
{"level":"error","message":"IP Address: undefined","timestamp":"2024-10-25 11:23:17"}
{"level":"error","message":"Error: Unknown error","timestamp":"2024-10-25 11:23:17"}
{"level":"error","message":"Request: undefined undefined","timestamp":"2024-10-25 11:23:17"}
{"level":"error","message":"IP Address: undefined","timestamp":"2024-10-25 11:23:17"}
{"level":"error","message":"Error: Test Error","timestamp":"2024-10-25 11:23:39"}
{"level":"error","message":"Request: undefined undefined","timestamp":"2024-10-25 11:23:39"}
{"level":"error","message":"IP Address: undefined","timestamp":"2024-10-25 11:23:39"}
{"level":"error","message":"Error: Test Error","timestamp":"2024-10-25 11:23:39"}
{"level":"error","message":"Request: undefined undefined","timestamp":"2024-10-25 11:23:39"}
{"level":"error","message":"IP Address: undefined","timestamp":"2024-10-25 11:23:39"}
{"level":"error","message":"Error: Unknown error","timestamp":"2024-10-25 11:23:39"}
{"level":"error","message":"Request: undefined undefined","timestamp":"2024-10-25 11:23:39"}
{"level":"error","message":"IP Address: undefined","timestamp":"2024-10-25 11:23:39"}
{"level":"error","message":"Error: Test Error","timestamp":"2024-10-25 11:26:10"}
{"level":"error","message":"Request: undefined undefined","timestamp":"2024-10-25 11:26:10"}
{"level":"error","message":"IP Address: undefined","timestamp":"2024-10-25 11:26:10"}
{"level":"error","message":"Error: Test Error","timestamp":"2024-10-25 11:26:10"}
{"level":"error","message":"Request: undefined undefined","timestamp":"2024-10-25 11:26:10"}
{"level":"error","message":"IP Address: undefined","timestamp":"2024-10-25 11:26:10"}
{"level":"error","message":"Error: Unknown error","timestamp":"2024-10-25 11:26:10"}
{"level":"error","message":"Request: undefined undefined","timestamp":"2024-10-25 11:26:10"}
{"level":"error","message":"IP Address: undefined","timestamp":"2024-10-25 11:26:10"}
{"level":"error","message":"Error: Test Error","timestamp":"2024-10-25 11:27:05"}
{"level":"error","message":"Request: undefined undefined","timestamp":"2024-10-25 11:27:05"}
{"level":"error","message":"IP Address: undefined","timestamp":"2024-10-25 11:27:05"}
{"level":"error","message":"Error: Test Error","timestamp":"2024-10-25 11:27:05"}
{"level":"error","message":"Request: undefined undefined","timestamp":"2024-10-25 11:27:05"}
{"level":"error","message":"IP Address: undefined","timestamp":"2024-10-25 11:27:05"}
{"level":"error","message":"Error: Unknown error","timestamp":"2024-10-25 11:27:05"}
{"level":"error","message":"Request: undefined undefined","timestamp":"2024-10-25 11:27:05"}
{"level":"error","message":"IP Address: undefined","timestamp":"2024-10-25 11:27:05"}
{"level":"error","message":"Error: Test Error","timestamp":"2024-10-25 11:29:19"}
{"level":"error","message":"Request: undefined undefined","timestamp":"2024-10-25 11:29:19"}
{"level":"error","message":"IP Address: undefined","timestamp":"2024-10-25 11:29:19"}
{"level":"error","message":"Error: Test Error","timestamp":"2024-10-25 11:29:19"}
{"level":"error","message":"Request: undefined undefined","timestamp":"2024-10-25 11:29:19"}
{"level":"error","message":"IP Address: undefined","timestamp":"2024-10-25 11:29:19"}
{"level":"error","message":"Error: Unknown error","timestamp":"2024-10-25 11:29:19"}
{"level":"error","message":"Request: undefined undefined","timestamp":"2024-10-25 11:29:19"}
{"level":"error","message":"IP Address: undefined","timestamp":"2024-10-25 11:29:19"}
{"level":"error","message":"Error: Test Error","timestamp":"2024-10-25 11:33:49"}
{"level":"error","message":"Request: undefined undefined","timestamp":"2024-10-25 11:33:49"}
{"level":"error","message":"IP Address: undefined","timestamp":"2024-10-25 11:33:49"}
{"level":"error","message":"Error: Test Error","timestamp":"2024-10-25 11:33:49"}
{"level":"error","message":"Request: undefined undefined","timestamp":"2024-10-25 11:33:49"}
{"level":"error","message":"IP Address: undefined","timestamp":"2024-10-25 11:33:49"}
{"level":"error","message":"Error: Unknown error","timestamp":"2024-10-25 11:33:49"}
{"level":"error","message":"Request: undefined undefined","timestamp":"2024-10-25 11:33:49"}
{"level":"error","message":"IP Address: undefined","timestamp":"2024-10-25 11:33:49"}
{"level":"error","message":"Error: Test Error","timestamp":"2024-10-25 11:34:03"}
{"level":"error","message":"Request: undefined undefined","timestamp":"2024-10-25 11:34:03"}
{"level":"error","message":"IP Address: undefined","timestamp":"2024-10-25 11:34:04"}
{"level":"error","message":"Error: Test Error","timestamp":"2024-10-25 11:34:04"}
{"level":"error","message":"Request: undefined undefined","timestamp":"2024-10-25 11:34:04"}
{"level":"error","message":"IP Address: undefined","timestamp":"2024-10-25 11:34:04"}
{"level":"error","message":"Error: Unknown error","timestamp":"2024-10-25 11:34:04"}
{"level":"error","message":"Request: undefined undefined","timestamp":"2024-10-25 11:34:04"}
{"level":"error","message":"IP Address: undefined","timestamp":"2024-10-25 11:34:04"}
{"level":"error","message":"Error: Continent not found","timestamp":"2024-10-25 11:41:56"}
{"level":"error","message":"Request: GET /continents/NaN","timestamp":"2024-10-25 11:41:56"}
{"level":"error","message":"IP Address: ::1","timestamp":"2024-10-25 11:41:56"}
{"level":"error","message":"Error: Continent not found","timestamp":"2024-10-25 11:41:57"}
{"level":"error","message":"Request: DELETE /continents/0","timestamp":"2024-10-25 11:41:57"}
{"level":"error","message":"IP Address: ::1","timestamp":"2024-10-25 11:41:57"}
{"level":"error","message":"Error: Test Error","timestamp":"2024-10-25 11:42:12"}
{"level":"error","message":"Request: undefined undefined","timestamp":"2024-10-25 11:42:12"}
{"level":"error","message":"IP Address: undefined","timestamp":"2024-10-25 11:42:12"}
{"level":"error","message":"Error: Test Error","timestamp":"2024-10-25 11:42:12"}
{"level":"error","message":"Request: undefined undefined","timestamp":"2024-10-25 11:42:12"}
{"level":"error","message":"IP Address: undefined","timestamp":"2024-10-25 11:42:12"}
{"level":"error","message":"Error: Unknown error","timestamp":"2024-10-25 11:42:12"}
{"level":"error","message":"Request: undefined undefined","timestamp":"2024-10-25 11:42:12"}
{"level":"error","message":"IP Address: undefined","timestamp":"2024-10-25 11:42:12"}
{"level":"error","message":"Error: Test Error","timestamp":"2024-10-25 11:42:59"}
{"level":"error","message":"Request: undefined undefined","timestamp":"2024-10-25 11:42:59"}
{"level":"error","message":"IP Address: undefined","timestamp":"2024-10-25 11:42:59"}
{"level":"error","message":"Error: Test Error","timestamp":"2024-10-25 11:42:59"}
{"level":"error","message":"Request: undefined undefined","timestamp":"2024-10-25 11:42:59"}
{"level":"error","message":"IP Address: undefined","timestamp":"2024-10-25 11:42:59"}
{"level":"error","message":"Error: Unknown error","timestamp":"2024-10-25 11:42:59"}
{"level":"error","message":"Request: undefined undefined","timestamp":"2024-10-25 11:42:59"}
{"level":"error","message":"IP Address: undefined","timestamp":"2024-10-25 11:42:59"}
{"level":"error","message":"Error: Test Error","timestamp":"2024-10-25 11:43:29"}
{"level":"error","message":"Request: undefined undefined","timestamp":"2024-10-25 11:43:29"}
{"level":"error","message":"IP Address: undefined","timestamp":"2024-10-25 11:43:29"}
{"level":"error","message":"Error: Test Error","timestamp":"2024-10-25 11:43:29"}
{"level":"error","message":"Request: undefined undefined","timestamp":"2024-10-25 11:43:29"}
{"level":"error","message":"IP Address: undefined","timestamp":"2024-10-25 11:43:29"}
{"level":"error","message":"Error: Unknown error","timestamp":"2024-10-25 11:43:29"}
{"level":"error","message":"Request: undefined undefined","timestamp":"2024-10-25 11:43:29"}
{"level":"error","message":"IP Address: undefined","timestamp":"2024-10-25 11:43:29"}
{"level":"error","message":"Error: Test Error","timestamp":"2024-10-25 11:47:55"}
{"level":"error","message":"Request: undefined undefined","timestamp":"2024-10-25 11:47:55"}
{"level":"error","message":"IP Address: undefined","timestamp":"2024-10-25 11:47:55"}
{"level":"error","message":"Error: Test Error","timestamp":"2024-10-25 11:47:55"}
{"level":"error","message":"Request: undefined undefined","timestamp":"2024-10-25 11:47:55"}
{"level":"error","message":"IP Address: undefined","timestamp":"2024-10-25 11:47:55"}
{"level":"error","message":"Error: Unknown error","timestamp":"2024-10-25 11:47:55"}
{"level":"error","message":"Request: undefined undefined","timestamp":"2024-10-25 11:47:55"}
{"level":"error","message":"IP Address: undefined","timestamp":"2024-10-25 11:47:55"}
{"level":"error","message":"Error: Test Error","timestamp":"2024-10-25 11:53:11"}
{"level":"error","message":"Request: undefined undefined","timestamp":"2024-10-25 11:53:11"}
{"level":"error","message":"IP Address: undefined","timestamp":"2024-10-25 11:53:11"}
{"level":"error","message":"Error: Test Error","timestamp":"2024-10-25 11:53:11"}
{"level":"error","message":"Request: undefined undefined","timestamp":"2024-10-25 11:53:11"}
{"level":"error","message":"IP Address: undefined","timestamp":"2024-10-25 11:53:11"}
{"level":"error","message":"Error: Unknown error","timestamp":"2024-10-25 11:53:11"}
{"level":"error","message":"Request: undefined undefined","timestamp":"2024-10-25 11:53:11"}
{"level":"error","message":"IP Address: undefined","timestamp":"2024-10-25 11:53:11"}
{"level":"error","message":"Error: Test Error","timestamp":"2024-10-25 11:57:59"}
{"level":"error","message":"Request: undefined undefined","timestamp":"2024-10-25 11:57:59"}
{"level":"error","message":"IP Address: undefined","timestamp":"2024-10-25 11:57:59"}
{"level":"error","message":"Error: Test Error","timestamp":"2024-10-25 11:57:59"}
{"level":"error","message":"Request: undefined undefined","timestamp":"2024-10-25 11:57:59"}
{"level":"error","message":"IP Address: undefined","timestamp":"2024-10-25 11:57:59"}
{"level":"error","message":"Error: Unknown error","timestamp":"2024-10-25 11:57:59"}
{"level":"error","message":"Request: undefined undefined","timestamp":"2024-10-25 11:57:59"}
{"level":"error","message":"IP Address: undefined","timestamp":"2024-10-25 11:57:59"}
{"level":"error","message":"Error: Test Error","timestamp":"2024-10-25 12:04:44"}
{"level":"error","message":"Request: undefined undefined","timestamp":"2024-10-25 12:04:44"}
{"level":"error","message":"IP Address: undefined","timestamp":"2024-10-25 12:04:44"}
{"level":"error","message":"Error: Test Error","timestamp":"2024-10-25 12:04:44"}
{"level":"error","message":"Request: undefined undefined","timestamp":"2024-10-25 12:04:44"}
{"level":"error","message":"IP Address: undefined","timestamp":"2024-10-25 12:04:44"}
{"level":"error","message":"Error: Unknown error","timestamp":"2024-10-25 12:04:44"}
{"level":"error","message":"Request: undefined undefined","timestamp":"2024-10-25 12:04:44"}
{"level":"error","message":"IP Address: undefined","timestamp":"2024-10-25 12:04:44"}
{"level":"error","message":"Error: Test Error","timestamp":"2024-10-25 12:06:23"}
{"level":"error","message":"Request: undefined undefined","timestamp":"2024-10-25 12:06:23"}
{"level":"error","message":"IP Address: undefined","timestamp":"2024-10-25 12:06:23"}
{"level":"error","message":"Error: Test Error","timestamp":"2024-10-25 12:06:23"}
{"level":"error","message":"Request: undefined undefined","timestamp":"2024-10-25 12:06:23"}
{"level":"error","message":"IP Address: undefined","timestamp":"2024-10-25 12:06:23"}
{"level":"error","message":"Error: Unknown error","timestamp":"2024-10-25 12:06:23"}
{"level":"error","message":"Request: undefined undefined","timestamp":"2024-10-25 12:06:23"}
{"level":"error","message":"IP Address: undefined","timestamp":"2024-10-25 12:06:23"}
{"level":"error","message":"Error: Test Error","timestamp":"2024-10-25 12:06:59"}
{"level":"error","message":"Request: undefined undefined","timestamp":"2024-10-25 12:06:59"}
{"level":"error","message":"IP Address: undefined","timestamp":"2024-10-25 12:06:59"}
{"level":"error","message":"Error: Test Error","timestamp":"2024-10-25 12:06:59"}
{"level":"error","message":"Request: undefined undefined","timestamp":"2024-10-25 12:06:59"}
{"level":"error","message":"IP Address: undefined","timestamp":"2024-10-25 12:06:59"}
{"level":"error","message":"Error: Unknown error","timestamp":"2024-10-25 12:06:59"}
{"level":"error","message":"Request: undefined undefined","timestamp":"2024-10-25 12:06:59"}
{"level":"error","message":"IP Address: undefined","timestamp":"2024-10-25 12:06:59"}
{"level":"error","message":"Error: Test Error","timestamp":"2024-10-25 12:09:22"}
{"level":"error","message":"Request: undefined undefined","timestamp":"2024-10-25 12:09:22"}
{"level":"error","message":"IP Address: undefined","timestamp":"2024-10-25 12:09:22"}
{"level":"error","message":"Error: Test Error","timestamp":"2024-10-25 12:09:22"}
{"level":"error","message":"Request: undefined undefined","timestamp":"2024-10-25 12:09:22"}
{"level":"error","message":"IP Address: undefined","timestamp":"2024-10-25 12:09:22"}
{"level":"error","message":"Error: Unknown error","timestamp":"2024-10-25 12:09:22"}
{"level":"error","message":"Request: undefined undefined","timestamp":"2024-10-25 12:09:22"}
{"level":"error","message":"IP Address: undefined","timestamp":"2024-10-25 12:09:22"}
{"level":"error","message":"Error: Test Error","timestamp":"2024-10-25 12:12:28"}
{"level":"error","message":"Request: undefined undefined","timestamp":"2024-10-25 12:12:28"}
{"level":"error","message":"IP Address: undefined","timestamp":"2024-10-25 12:12:28"}
{"level":"error","message":"Error: Test Error","timestamp":"2024-10-25 12:12:28"}
{"level":"error","message":"Request: undefined undefined","timestamp":"2024-10-25 12:12:28"}
{"level":"error","message":"IP Address: undefined","timestamp":"2024-10-25 12:12:28"}
{"level":"error","message":"Error: Unknown error","timestamp":"2024-10-25 12:12:28"}
{"level":"error","message":"Request: undefined undefined","timestamp":"2024-10-25 12:12:28"}
{"level":"error","message":"IP Address: undefined","timestamp":"2024-10-25 12:12:28"}
{"level":"error","message":"Error: Test Error","timestamp":"2024-10-25 12:14:47"}
{"level":"error","message":"Request: undefined undefined","timestamp":"2024-10-25 12:14:47"}
{"level":"error","message":"IP Address: undefined","timestamp":"2024-10-25 12:14:47"}
{"level":"error","message":"Error: Test Error","timestamp":"2024-10-25 12:14:47"}
{"level":"error","message":"Request: undefined undefined","timestamp":"2024-10-25 12:14:47"}
{"level":"error","message":"IP Address: undefined","timestamp":"2024-10-25 12:14:47"}
{"level":"error","message":"Error: Unknown error","timestamp":"2024-10-25 12:14:47"}
{"level":"error","message":"Request: undefined undefined","timestamp":"2024-10-25 12:14:47"}
{"level":"error","message":"IP Address: undefined","timestamp":"2024-10-25 12:14:47"}
{"level":"error","message":"Error: Test Error","timestamp":"2024-10-25 12:18:15"}
{"level":"error","message":"Request: undefined undefined","timestamp":"2024-10-25 12:18:15"}
{"level":"error","message":"IP Address: undefined","timestamp":"2024-10-25 12:18:15"}
{"level":"error","message":"Error: Test Error","timestamp":"2024-10-25 12:18:15"}
{"level":"error","message":"Request: undefined undefined","timestamp":"2024-10-25 12:18:15"}
{"level":"error","message":"IP Address: undefined","timestamp":"2024-10-25 12:18:15"}
{"level":"error","message":"Error: Unknown error","timestamp":"2024-10-25 12:18:15"}
{"level":"error","message":"Request: undefined undefined","timestamp":"2024-10-25 12:18:15"}
{"level":"error","message":"IP Address: undefined","timestamp":"2024-10-25 12:18:15"}
{"level":"error","message":"Error: Test Error","timestamp":"2024-10-25 12:21:19"}
{"level":"error","message":"Request: undefined undefined","timestamp":"2024-10-25 12:21:19"}
{"level":"error","message":"IP Address: undefined","timestamp":"2024-10-25 12:21:19"}
{"level":"error","message":"Error: Test Error","timestamp":"2024-10-25 12:21:19"}
{"level":"error","message":"Request: undefined undefined","timestamp":"2024-10-25 12:21:19"}
{"level":"error","message":"IP Address: undefined","timestamp":"2024-10-25 12:21:19"}
{"level":"error","message":"Error: Unknown error","timestamp":"2024-10-25 12:21:19"}
{"level":"error","message":"Request: undefined undefined","timestamp":"2024-10-25 12:21:19"}
{"level":"error","message":"IP Address: undefined","timestamp":"2024-10-25 12:21:19"}
{"level":"error","message":"Error: Test Error","timestamp":"2024-10-25 12:26:20"}
{"level":"error","message":"Request: undefined undefined","timestamp":"2024-10-25 12:26:20"}
{"level":"error","message":"IP Address: undefined","timestamp":"2024-10-25 12:26:20"}
{"level":"error","message":"Error: Test Error","timestamp":"2024-10-25 12:26:20"}
{"level":"error","message":"Request: undefined undefined","timestamp":"2024-10-25 12:26:20"}
{"level":"error","message":"IP Address: undefined","timestamp":"2024-10-25 12:26:20"}
{"level":"error","message":"Error: Unknown error","timestamp":"2024-10-25 12:26:20"}
{"level":"error","message":"Request: undefined undefined","timestamp":"2024-10-25 12:26:20"}
{"level":"error","message":"IP Address: undefined","timestamp":"2024-10-25 12:26:20"}
{"level":"error","message":"Error: Test Error","timestamp":"2024-10-25 12:28:50"}
{"level":"error","message":"Request: undefined undefined","timestamp":"2024-10-25 12:28:50"}
{"level":"error","message":"IP Address: undefined","timestamp":"2024-10-25 12:28:50"}
{"level":"error","message":"Error: Test Error","timestamp":"2024-10-25 12:28:50"}
{"level":"error","message":"Request: undefined undefined","timestamp":"2024-10-25 12:28:50"}
{"level":"error","message":"IP Address: undefined","timestamp":"2024-10-25 12:28:50"}
{"level":"error","message":"Error: Unknown error","timestamp":"2024-10-25 12:28:50"}
{"level":"error","message":"Request: undefined undefined","timestamp":"2024-10-25 12:28:50"}
{"level":"error","message":"IP Address: undefined","timestamp":"2024-10-25 12:28:50"}
{"level":"error","message":"Error: Test Error","timestamp":"2024-10-25 12:29:17"}
{"level":"error","message":"Request: undefined undefined","timestamp":"2024-10-25 12:29:17"}
{"level":"error","message":"IP Address: undefined","timestamp":"2024-10-25 12:29:17"}
{"level":"error","message":"Error: Test Error","timestamp":"2024-10-25 12:29:17"}
{"level":"error","message":"Request: undefined undefined","timestamp":"2024-10-25 12:29:17"}
{"level":"error","message":"IP Address: undefined","timestamp":"2024-10-25 12:29:17"}
{"level":"error","message":"Error: Unknown error","timestamp":"2024-10-25 12:29:17"}
{"level":"error","message":"Request: undefined undefined","timestamp":"2024-10-25 12:29:17"}
{"level":"error","message":"IP Address: undefined","timestamp":"2024-10-25 12:29:17"}
{"level":"error","message":"Error: Test Error","timestamp":"2024-10-25 12:29:27"}
{"level":"error","message":"Request: undefined undefined","timestamp":"2024-10-25 12:29:27"}
{"level":"error","message":"IP Address: undefined","timestamp":"2024-10-25 12:29:27"}
{"level":"error","message":"Error: Test Error","timestamp":"2024-10-25 12:29:27"}
{"level":"error","message":"Request: undefined undefined","timestamp":"2024-10-25 12:29:27"}
{"level":"error","message":"IP Address: undefined","timestamp":"2024-10-25 12:29:27"}
{"level":"error","message":"Error: Unknown error","timestamp":"2024-10-25 12:29:27"}
{"level":"error","message":"Request: undefined undefined","timestamp":"2024-10-25 12:29:27"}
{"level":"error","message":"IP Address: undefined","timestamp":"2024-10-25 12:29:27"}
{"level":"error","message":"Error: Test Error","timestamp":"2024-10-25 12:29:38"}
{"level":"error","message":"Request: undefined undefined","timestamp":"2024-10-25 12:29:38"}
{"level":"error","message":"IP Address: undefined","timestamp":"2024-10-25 12:29:38"}
{"level":"error","message":"Error: Test Error","timestamp":"2024-10-25 12:29:38"}
{"level":"error","message":"Request: undefined undefined","timestamp":"2024-10-25 12:29:38"}
{"level":"error","message":"IP Address: undefined","timestamp":"2024-10-25 12:29:38"}
{"level":"error","message":"Error: Unknown error","timestamp":"2024-10-25 12:29:38"}
{"level":"error","message":"Request: undefined undefined","timestamp":"2024-10-25 12:29:38"}
{"level":"error","message":"IP Address: undefined","timestamp":"2024-10-25 12:29:38"}
{"level":"error","message":"Error: Test Error","timestamp":"2024-10-25 12:29:50"}
{"level":"error","message":"Request: undefined undefined","timestamp":"2024-10-25 12:29:50"}
{"level":"error","message":"IP Address: undefined","timestamp":"2024-10-25 12:29:50"}
{"level":"error","message":"Error: Test Error","timestamp":"2024-10-25 12:29:50"}
{"level":"error","message":"Request: undefined undefined","timestamp":"2024-10-25 12:29:50"}
{"level":"error","message":"IP Address: undefined","timestamp":"2024-10-25 12:29:50"}
{"level":"error","message":"Error: Unknown error","timestamp":"2024-10-25 12:29:50"}
{"level":"error","message":"Request: undefined undefined","timestamp":"2024-10-25 12:29:50"}
{"level":"error","message":"IP Address: undefined","timestamp":"2024-10-25 12:29:50"}
{"level":"error","message":"Error: Test Error","timestamp":"2024-10-25 14:10:02"}
{"level":"error","message":"Request: undefined undefined","timestamp":"2024-10-25 14:10:02"}
{"level":"error","message":"IP Address: undefined","timestamp":"2024-10-25 14:10:02"}
{"level":"error","message":"Error: Test Error","timestamp":"2024-10-25 14:10:02"}
{"level":"error","message":"Request: undefined undefined","timestamp":"2024-10-25 14:10:02"}
{"level":"error","message":"IP Address: undefined","timestamp":"2024-10-25 14:10:02"}
{"level":"error","message":"Error: Unknown error","timestamp":"2024-10-25 14:10:02"}
{"level":"error","message":"Request: undefined undefined","timestamp":"2024-10-25 14:10:02"}
{"level":"error","message":"IP Address: undefined","timestamp":"2024-10-25 14:10:02"}
{"level":"error","message":"Error: Test Error","timestamp":"2024-10-25 14:18:18"}
{"level":"error","message":"Request: undefined undefined","timestamp":"2024-10-25 14:18:18"}
{"level":"error","message":"IP Address: undefined","timestamp":"2024-10-25 14:18:18"}
{"level":"error","message":"Error: Test Error","timestamp":"2024-10-25 14:18:18"}
{"level":"error","message":"Request: undefined undefined","timestamp":"2024-10-25 14:18:18"}
{"level":"error","message":"IP Address: undefined","timestamp":"2024-10-25 14:18:18"}
{"level":"error","message":"Error: Unknown error","timestamp":"2024-10-25 14:18:18"}
{"level":"error","message":"Request: undefined undefined","timestamp":"2024-10-25 14:18:18"}
{"level":"error","message":"IP Address: undefined","timestamp":"2024-10-25 14:18:18"}
{"level":"error","message":"Error: Test Error","timestamp":"2024-10-25 14:24:36"}
{"level":"error","message":"Request: undefined undefined","timestamp":"2024-10-25 14:24:36"}
{"level":"error","message":"IP Address: undefined","timestamp":"2024-10-25 14:24:36"}
{"level":"error","message":"Error: Test Error","timestamp":"2024-10-25 14:24:36"}
{"level":"error","message":"Request: undefined undefined","timestamp":"2024-10-25 14:24:36"}
{"level":"error","message":"IP Address: undefined","timestamp":"2024-10-25 14:24:36"}
{"level":"error","message":"Error: Unknown error","timestamp":"2024-10-25 14:24:36"}
{"level":"error","message":"Request: undefined undefined","timestamp":"2024-10-25 14:24:36"}
{"level":"error","message":"IP Address: undefined","timestamp":"2024-10-25 14:24:36"}
{"level":"error","message":"Error: Test Error","timestamp":"2024-10-25 14:25:20"}
{"level":"error","message":"Request: undefined undefined","timestamp":"2024-10-25 14:25:20"}
{"level":"error","message":"IP Address: undefined","timestamp":"2024-10-25 14:25:20"}
{"level":"error","message":"Error: Test Error","timestamp":"2024-10-25 14:25:20"}
{"level":"error","message":"Request: undefined undefined","timestamp":"2024-10-25 14:25:20"}
{"level":"error","message":"IP Address: undefined","timestamp":"2024-10-25 14:25:20"}
{"level":"error","message":"Error: Unknown error","timestamp":"2024-10-25 14:25:20"}
{"level":"error","message":"Request: undefined undefined","timestamp":"2024-10-25 14:25:21"}
{"level":"error","message":"IP Address: undefined","timestamp":"2024-10-25 14:25:21"}
{"level":"error","message":"Error: Test Error","timestamp":"2024-10-25 14:37:40"}
{"level":"error","message":"Request: undefined undefined","timestamp":"2024-10-25 14:37:40"}
{"level":"error","message":"IP Address: undefined","timestamp":"2024-10-25 14:37:40"}
{"level":"error","message":"Error: Test Error","timestamp":"2024-10-25 14:37:40"}
{"level":"error","message":"Request: undefined undefined","timestamp":"2024-10-25 14:37:40"}
{"level":"error","message":"IP Address: undefined","timestamp":"2024-10-25 14:37:40"}
{"level":"error","message":"Error: Unknown error","timestamp":"2024-10-25 14:37:40"}
{"level":"error","message":"Request: undefined undefined","timestamp":"2024-10-25 14:37:40"}
{"level":"error","message":"IP Address: undefined","timestamp":"2024-10-25 14:37:40"}
{"level":"error","message":"Error: Continent not found","timestamp":"2024-10-25 14:38:43"}
{"level":"error","message":"Request: GET /continents/1","timestamp":"2024-10-25 14:38:43"}
{"level":"error","message":"IP Address: ::1","timestamp":"2024-10-25 14:38:43"}
{"level":"error","message":"Error: Continent not found","timestamp":"2024-10-25 14:38:49"}
{"level":"error","message":"Request: GET /continents/1006","timestamp":"2024-10-25 14:38:49"}
{"level":"error","message":"IP Address: ::1","timestamp":"2024-10-25 14:38:49"}
{"level":"error","message":"Error: Test Error","timestamp":"2024-10-25 15:02:18"}
{"level":"error","message":"Request: undefined undefined","timestamp":"2024-10-25 15:02:18"}
{"level":"error","message":"IP Address: undefined","timestamp":"2024-10-25 15:02:18"}
{"level":"error","message":"Error: Test Error","timestamp":"2024-10-25 15:02:18"}
{"level":"error","message":"Request: undefined undefined","timestamp":"2024-10-25 15:02:18"}
{"level":"error","message":"IP Address: undefined","timestamp":"2024-10-25 15:02:18"}
{"level":"error","message":"Error: Unknown error","timestamp":"2024-10-25 15:02:18"}
{"level":"error","message":"Request: undefined undefined","timestamp":"2024-10-25 15:02:18"}
{"level":"error","message":"IP Address: undefined","timestamp":"2024-10-25 15:02:18"}
{"level":"error","message":"Error: Test Error","timestamp":"2024-10-25 15:06:57"}
{"level":"error","message":"Request: undefined undefined","timestamp":"2024-10-25 15:06:57"}
{"level":"error","message":"IP Address: undefined","timestamp":"2024-10-25 15:06:57"}
{"level":"error","message":"Error: Test Error","timestamp":"2024-10-25 15:06:57"}
{"level":"error","message":"Request: undefined undefined","timestamp":"2024-10-25 15:06:57"}
{"level":"error","message":"IP Address: undefined","timestamp":"2024-10-25 15:06:57"}
{"level":"error","message":"Error: Unknown error","timestamp":"2024-10-25 15:06:57"}
{"level":"error","message":"Request: undefined undefined","timestamp":"2024-10-25 15:06:57"}
{"level":"error","message":"IP Address: undefined","timestamp":"2024-10-25 15:06:57"}
{"level":"error","message":"Error: Test Error","timestamp":"2024-10-25 15:07:29"}
{"level":"error","message":"Request: undefined undefined","timestamp":"2024-10-25 15:07:29"}
{"level":"error","message":"IP Address: undefined","timestamp":"2024-10-25 15:07:29"}
{"level":"error","message":"Error: Test Error","timestamp":"2024-10-25 15:07:29"}
{"level":"error","message":"Request: undefined undefined","timestamp":"2024-10-25 15:07:29"}
{"level":"error","message":"IP Address: undefined","timestamp":"2024-10-25 15:07:29"}
{"level":"error","message":"Error: Unknown error","timestamp":"2024-10-25 15:07:29"}
{"level":"error","message":"Request: undefined undefined","timestamp":"2024-10-25 15:07:29"}
{"level":"error","message":"IP Address: undefined","timestamp":"2024-10-25 15:07:29"}
{"level":"error","message":"Error: Test Error","timestamp":"2024-10-25 15:08:05"}
{"level":"error","message":"Request: undefined undefined","timestamp":"2024-10-25 15:08:05"}
{"level":"error","message":"IP Address: undefined","timestamp":"2024-10-25 15:08:05"}
{"level":"error","message":"Error: Test Error","timestamp":"2024-10-25 15:08:05"}
{"level":"error","message":"Request: undefined undefined","timestamp":"2024-10-25 15:08:05"}
{"level":"error","message":"IP Address: undefined","timestamp":"2024-10-25 15:08:05"}
{"level":"error","message":"Error: Unknown error","timestamp":"2024-10-25 15:08:05"}
{"level":"error","message":"Request: undefined undefined","timestamp":"2024-10-25 15:08:05"}
{"level":"error","message":"IP Address: undefined","timestamp":"2024-10-25 15:08:05"}
{"level":"error","message":"Error: Test Error","timestamp":"2024-10-25 15:12:12"}
{"level":"error","message":"Request: undefined undefined","timestamp":"2024-10-25 15:12:12"}
{"level":"error","message":"IP Address: undefined","timestamp":"2024-10-25 15:12:12"}
{"level":"error","message":"Error: Test Error","timestamp":"2024-10-25 15:12:12"}
{"level":"error","message":"Request: undefined undefined","timestamp":"2024-10-25 15:12:12"}
{"level":"error","message":"IP Address: undefined","timestamp":"2024-10-25 15:12:12"}
{"level":"error","message":"Error: Unknown error","timestamp":"2024-10-25 15:12:12"}
{"level":"error","message":"Request: undefined undefined","timestamp":"2024-10-25 15:12:12"}
{"level":"error","message":"IP Address: undefined","timestamp":"2024-10-25 15:12:12"}
{"level":"error","message":"Error: Test Error","timestamp":"2024-10-25 15:12:40"}
{"level":"error","message":"Request: undefined undefined","timestamp":"2024-10-25 15:12:40"}
{"level":"error","message":"IP Address: undefined","timestamp":"2024-10-25 15:12:40"}
{"level":"error","message":"Error: Test Error","timestamp":"2024-10-25 15:12:40"}
{"level":"error","message":"Request: undefined undefined","timestamp":"2024-10-25 15:12:40"}
{"level":"error","message":"IP Address: undefined","timestamp":"2024-10-25 15:12:40"}
{"level":"error","message":"Error: Unknown error","timestamp":"2024-10-25 15:12:40"}
{"level":"error","message":"Request: undefined undefined","timestamp":"2024-10-25 15:12:40"}
{"level":"error","message":"IP Address: undefined","timestamp":"2024-10-25 15:12:40"}
{"level":"error","message":"Error: Test Error","timestamp":"2024-10-25 15:13:23"}
{"level":"error","message":"Request: undefined undefined","timestamp":"2024-10-25 15:13:23"}
{"level":"error","message":"IP Address: undefined","timestamp":"2024-10-25 15:13:23"}
{"level":"error","message":"Error: Test Error","timestamp":"2024-10-25 15:13:23"}
{"level":"error","message":"Request: undefined undefined","timestamp":"2024-10-25 15:13:23"}
{"level":"error","message":"IP Address: undefined","timestamp":"2024-10-25 15:13:23"}
{"level":"error","message":"Error: Unknown error","timestamp":"2024-10-25 15:13:23"}
{"level":"error","message":"Request: undefined undefined","timestamp":"2024-10-25 15:13:23"}
{"level":"error","message":"IP Address: undefined","timestamp":"2024-10-25 15:13:23"}
