{"level":"error","message":"Error: Test Error","timestamp":"2024-10-31 06:38:32"}
{"level":"error","message":"Request: undefined undefined","timestamp":"2024-10-31 06:38:32"}
{"level":"error","message":"IP Address: undefined","timestamp":"2024-10-31 06:38:32"}
{"level":"error","message":"Error: Test Error","timestamp":"2024-10-31 06:38:32"}
{"level":"error","message":"Request: undefined undefined","timestamp":"2024-10-31 06:38:32"}
{"level":"error","message":"IP Address: undefined","timestamp":"2024-10-31 06:38:32"}
{"level":"error","message":"Error: Unknown error","timestamp":"2024-10-31 06:38:32"}
{"level":"error","message":"Request: undefined undefined","timestamp":"2024-10-31 06:38:32"}
{"level":"error","message":"IP Address: undefined","timestamp":"2024-10-31 06:38:32"}
{"level":"error","message":"Error: Test Error","timestamp":"2024-10-31 06:41:21"}
{"level":"error","message":"Request: undefined undefined","timestamp":"2024-10-31 06:41:21"}
{"level":"error","message":"IP Address: undefined","timestamp":"2024-10-31 06:41:21"}
{"level":"error","message":"Error: Test Error","timestamp":"2024-10-31 06:41:21"}
{"level":"error","message":"Request: undefined undefined","timestamp":"2024-10-31 06:41:21"}
{"level":"error","message":"IP Address: undefined","timestamp":"2024-10-31 06:41:21"}
{"level":"error","message":"Error: Unknown error","timestamp":"2024-10-31 06:41:21"}
{"level":"error","message":"Request: undefined undefined","timestamp":"2024-10-31 06:41:21"}
{"level":"error","message":"IP Address: undefined","timestamp":"2024-10-31 06:41:21"}
{"level":"error","message":"Error: Test Error","timestamp":"2024-10-31 06:41:55"}
{"level":"error","message":"Request: undefined undefined","timestamp":"2024-10-31 06:41:55"}
{"level":"error","message":"IP Address: undefined","timestamp":"2024-10-31 06:41:55"}
{"level":"error","message":"Error: Test Error","timestamp":"2024-10-31 06:41:55"}
{"level":"error","message":"Request: undefined undefined","timestamp":"2024-10-31 06:41:55"}
{"level":"error","message":"IP Address: undefined","timestamp":"2024-10-31 06:41:55"}
{"level":"error","message":"Error: Unknown error","timestamp":"2024-10-31 06:41:55"}
{"level":"error","message":"Request: undefined undefined","timestamp":"2024-10-31 06:41:55"}
{"level":"error","message":"IP Address: undefined","timestamp":"2024-10-31 06:41:55"}
{"level":"error","message":"Error: Test Error","timestamp":"2024-10-31 06:42:02"}
{"level":"error","message":"Request: undefined undefined","timestamp":"2024-10-31 06:42:02"}
{"level":"error","message":"IP Address: undefined","timestamp":"2024-10-31 06:42:02"}
{"level":"error","message":"Error: Test Error","timestamp":"2024-10-31 06:42:02"}
{"level":"error","message":"Request: undefined undefined","timestamp":"2024-10-31 06:42:02"}
{"level":"error","message":"IP Address: undefined","timestamp":"2024-10-31 06:42:02"}
{"level":"error","message":"Error: Unknown error","timestamp":"2024-10-31 06:42:02"}
{"level":"error","message":"Request: undefined undefined","timestamp":"2024-10-31 06:42:02"}
{"level":"error","message":"IP Address: undefined","timestamp":"2024-10-31 06:42:02"}
{"level":"error","message":"Error: Test Error","timestamp":"2024-10-31 06:55:25"}
{"level":"error","message":"Request: undefined undefined","timestamp":"2024-10-31 06:55:25"}
{"level":"error","message":"IP Address: undefined","timestamp":"2024-10-31 06:55:25"}
{"level":"error","message":"Error: Test Error","timestamp":"2024-10-31 06:55:25"}
{"level":"error","message":"Request: undefined undefined","timestamp":"2024-10-31 06:55:25"}
{"level":"error","message":"IP Address: undefined","timestamp":"2024-10-31 06:55:25"}
{"level":"error","message":"Error: Unknown error","timestamp":"2024-10-31 06:55:25"}
{"level":"error","message":"Request: undefined undefined","timestamp":"2024-10-31 06:55:25"}
{"level":"error","message":"IP Address: undefined","timestamp":"2024-10-31 06:55:25"}
{"level":"error","message":"Error: Continent not found","timestamp":"2024-10-31 08:52:23"}
{"level":"error","message":"Request: PUT /continents/1000","timestamp":"2024-10-31 08:52:23"}
{"level":"error","message":"IP Address: ::1","timestamp":"2024-10-31 08:52:23"}
{"level":"error","message":"Error: Continent not found","timestamp":"2024-10-31 09:28:49"}
{"level":"error","message":"Request: PUT /continents/1008","timestamp":"2024-10-31 09:28:49"}
{"level":"error","message":"IP Address: ::1","timestamp":"2024-10-31 09:28:49"}
{"level":"error","message":"Error: Test Error","timestamp":"2024-10-31 09:31:18"}
{"level":"error","message":"Request: undefined undefined","timestamp":"2024-10-31 09:31:18"}
{"level":"error","message":"IP Address: undefined","timestamp":"2024-10-31 09:31:18"}
{"level":"error","message":"Error: Test Error","timestamp":"2024-10-31 09:31:18"}
{"level":"error","message":"Request: undefined undefined","timestamp":"2024-10-31 09:31:18"}
{"level":"error","message":"IP Address: undefined","timestamp":"2024-10-31 09:31:18"}
{"level":"error","message":"Error: Unknown error","timestamp":"2024-10-31 09:31:18"}
{"level":"error","message":"Request: undefined undefined","timestamp":"2024-10-31 09:31:18"}
{"level":"error","message":"IP Address: undefined","timestamp":"2024-10-31 09:31:18"}
{"level":"error","message":"Error: Test Error","timestamp":"2024-10-31 09:45:57"}
{"level":"error","message":"Request: undefined undefined","timestamp":"2024-10-31 09:45:57"}
{"level":"error","message":"IP Address: undefined","timestamp":"2024-10-31 09:45:57"}
{"level":"error","message":"Error: Test Error","timestamp":"2024-10-31 09:45:57"}
{"level":"error","message":"Request: undefined undefined","timestamp":"2024-10-31 09:45:57"}
{"level":"error","message":"IP Address: undefined","timestamp":"2024-10-31 09:45:57"}
{"level":"error","message":"Error: Unknown error","timestamp":"2024-10-31 09:45:57"}
{"level":"error","message":"Request: undefined undefined","timestamp":"2024-10-31 09:45:57"}
{"level":"error","message":"IP Address: undefined","timestamp":"2024-10-31 09:45:57"}
{"level":"error","message":"Error: Test Error","timestamp":"2024-10-31 09:50:00"}
{"level":"error","message":"Request: undefined undefined","timestamp":"2024-10-31 09:50:00"}
{"level":"error","message":"IP Address: undefined","timestamp":"2024-10-31 09:50:00"}
{"level":"error","message":"Error: Test Error","timestamp":"2024-10-31 09:50:00"}
{"level":"error","message":"Request: undefined undefined","timestamp":"2024-10-31 09:50:00"}
{"level":"error","message":"IP Address: undefined","timestamp":"2024-10-31 09:50:00"}
{"level":"error","message":"Error: Unknown error","timestamp":"2024-10-31 09:50:00"}
{"level":"error","message":"Request: undefined undefined","timestamp":"2024-10-31 09:50:00"}
{"level":"error","message":"IP Address: undefined","timestamp":"2024-10-31 09:50:00"}
{"level":"error","message":"Error: Test Error","timestamp":"2024-10-31 09:51:49"}
{"level":"error","message":"Request: undefined undefined","timestamp":"2024-10-31 09:51:49"}
{"level":"error","message":"IP Address: undefined","timestamp":"2024-10-31 09:51:49"}
{"level":"error","message":"Error: Test Error","timestamp":"2024-10-31 09:51:49"}
{"level":"error","message":"Request: undefined undefined","timestamp":"2024-10-31 09:51:49"}
{"level":"error","message":"IP Address: undefined","timestamp":"2024-10-31 09:51:49"}
{"level":"error","message":"Error: Unknown error","timestamp":"2024-10-31 09:51:49"}
{"level":"error","message":"Request: undefined undefined","timestamp":"2024-10-31 09:51:49"}
{"level":"error","message":"IP Address: undefined","timestamp":"2024-10-31 09:51:49"}
{"level":"error","message":"Error: Test Error","timestamp":"2024-10-31 10:00:37"}
{"level":"error","message":"Request: undefined undefined","timestamp":"2024-10-31 10:00:37"}
{"level":"error","message":"IP Address: undefined","timestamp":"2024-10-31 10:00:37"}
{"level":"error","message":"Error: Test Error","timestamp":"2024-10-31 10:00:37"}
{"level":"error","message":"Request: undefined undefined","timestamp":"2024-10-31 10:00:37"}
{"level":"error","message":"IP Address: undefined","timestamp":"2024-10-31 10:00:37"}
{"level":"error","message":"Error: Unknown error","timestamp":"2024-10-31 10:00:37"}
{"level":"error","message":"Request: undefined undefined","timestamp":"2024-10-31 10:00:37"}
{"level":"error","message":"IP Address: undefined","timestamp":"2024-10-31 10:00:37"}
{"level":"error","message":"Error: Test Error","timestamp":"2024-10-31 10:01:45"}
{"level":"error","message":"Request: undefined undefined","timestamp":"2024-10-31 10:01:45"}
{"level":"error","message":"IP Address: undefined","timestamp":"2024-10-31 10:01:45"}
{"level":"error","message":"Error: Test Error","timestamp":"2024-10-31 10:01:45"}
{"level":"error","message":"Request: undefined undefined","timestamp":"2024-10-31 10:01:45"}
{"level":"error","message":"IP Address: undefined","timestamp":"2024-10-31 10:01:45"}
{"level":"error","message":"Error: Unknown error","timestamp":"2024-10-31 10:01:45"}
{"level":"error","message":"Request: undefined undefined","timestamp":"2024-10-31 10:01:45"}
{"level":"error","message":"IP Address: undefined","timestamp":"2024-10-31 10:01:45"}
{"level":"error","message":"Error: Test Error","timestamp":"2024-10-31 10:11:23"}
{"level":"error","message":"Request: undefined undefined","timestamp":"2024-10-31 10:11:23"}
{"level":"error","message":"IP Address: undefined","timestamp":"2024-10-31 10:11:23"}
{"level":"error","message":"Error: Test Error","timestamp":"2024-10-31 10:11:23"}
{"level":"error","message":"Request: undefined undefined","timestamp":"2024-10-31 10:11:23"}
{"level":"error","message":"IP Address: undefined","timestamp":"2024-10-31 10:11:23"}
{"level":"error","message":"Error: Unknown error","timestamp":"2024-10-31 10:11:23"}
{"level":"error","message":"Request: undefined undefined","timestamp":"2024-10-31 10:11:23"}
{"level":"error","message":"IP Address: undefined","timestamp":"2024-10-31 10:11:23"}
{"level":"error","message":"Error: Test Error","timestamp":"2024-10-31 10:11:49"}
{"level":"error","message":"Request: undefined undefined","timestamp":"2024-10-31 10:11:49"}
{"level":"error","message":"IP Address: undefined","timestamp":"2024-10-31 10:11:49"}
{"level":"error","message":"Error: Test Error","timestamp":"2024-10-31 10:11:49"}
{"level":"error","message":"Request: undefined undefined","timestamp":"2024-10-31 10:11:49"}
{"level":"error","message":"IP Address: undefined","timestamp":"2024-10-31 10:11:49"}
{"level":"error","message":"Error: Unknown error","timestamp":"2024-10-31 10:11:49"}
{"level":"error","message":"Request: undefined undefined","timestamp":"2024-10-31 10:11:49"}
{"level":"error","message":"IP Address: undefined","timestamp":"2024-10-31 10:11:49"}
{"level":"error","message":"Error: Test Error","timestamp":"2024-10-31 10:15:36"}
{"level":"error","message":"Request: undefined undefined","timestamp":"2024-10-31 10:15:36"}
{"level":"error","message":"IP Address: undefined","timestamp":"2024-10-31 10:15:36"}
{"level":"error","message":"Error: Test Error","timestamp":"2024-10-31 10:15:36"}
{"level":"error","message":"Request: undefined undefined","timestamp":"2024-10-31 10:15:36"}
{"level":"error","message":"IP Address: undefined","timestamp":"2024-10-31 10:15:36"}
{"level":"error","message":"Error: Unknown error","timestamp":"2024-10-31 10:15:36"}
{"level":"error","message":"Request: undefined undefined","timestamp":"2024-10-31 10:15:36"}
{"level":"error","message":"IP Address: undefined","timestamp":"2024-10-31 10:15:36"}
{"level":"error","message":"Error: Test Error","timestamp":"2024-10-31 10:18:28"}
{"level":"error","message":"Request: undefined undefined","timestamp":"2024-10-31 10:18:28"}
{"level":"error","message":"IP Address: undefined","timestamp":"2024-10-31 10:18:28"}
{"level":"error","message":"Error: Test Error","timestamp":"2024-10-31 10:18:28"}
{"level":"error","message":"Request: undefined undefined","timestamp":"2024-10-31 10:18:28"}
{"level":"error","message":"IP Address: undefined","timestamp":"2024-10-31 10:18:28"}
{"level":"error","message":"Error: Unknown error","timestamp":"2024-10-31 10:18:28"}
{"level":"error","message":"Request: undefined undefined","timestamp":"2024-10-31 10:18:28"}
{"level":"error","message":"IP Address: undefined","timestamp":"2024-10-31 10:18:28"}
{"level":"error","message":"Error: Test Error","timestamp":"2024-10-31 10:20:02"}
{"level":"error","message":"Request: undefined undefined","timestamp":"2024-10-31 10:20:02"}
{"level":"error","message":"IP Address: undefined","timestamp":"2024-10-31 10:20:02"}
{"level":"error","message":"Error: Test Error","timestamp":"2024-10-31 10:20:02"}
{"level":"error","message":"Request: undefined undefined","timestamp":"2024-10-31 10:20:02"}
{"level":"error","message":"IP Address: undefined","timestamp":"2024-10-31 10:20:02"}
{"level":"error","message":"Error: Unknown error","timestamp":"2024-10-31 10:20:02"}
{"level":"error","message":"Request: undefined undefined","timestamp":"2024-10-31 10:20:02"}
{"level":"error","message":"IP Address: undefined","timestamp":"2024-10-31 10:20:02"}
{"level":"error","message":"Error: Test Error","timestamp":"2024-10-31 15:14:09"}
{"level":"error","message":"Request: undefined undefined","timestamp":"2024-10-31 15:14:09"}
{"level":"error","message":"IP Address: undefined","timestamp":"2024-10-31 15:14:09"}
{"level":"error","message":"Error: Test Error","timestamp":"2024-10-31 15:14:09"}
{"level":"error","message":"Request: undefined undefined","timestamp":"2024-10-31 15:14:09"}
{"level":"error","message":"IP Address: undefined","timestamp":"2024-10-31 15:14:09"}
{"level":"error","message":"Error: Unknown error","timestamp":"2024-10-31 15:14:09"}
{"level":"error","message":"Request: undefined undefined","timestamp":"2024-10-31 15:14:09"}
{"level":"error","message":"IP Address: undefined","timestamp":"2024-10-31 15:14:09"}
{"level":"error","message":"Error: Test Error","timestamp":"2024-10-31 15:19:18"}
{"level":"error","message":"Request: undefined undefined","timestamp":"2024-10-31 15:19:18"}
{"level":"error","message":"IP Address: undefined","timestamp":"2024-10-31 15:19:18"}
{"level":"error","message":"Error: Test Error","timestamp":"2024-10-31 15:19:18"}
{"level":"error","message":"Request: undefined undefined","timestamp":"2024-10-31 15:19:18"}
{"level":"error","message":"IP Address: undefined","timestamp":"2024-10-31 15:19:18"}
{"level":"error","message":"Error: Unknown error","timestamp":"2024-10-31 15:19:18"}
{"level":"error","message":"Request: undefined undefined","timestamp":"2024-10-31 15:19:18"}
{"level":"error","message":"IP Address: undefined","timestamp":"2024-10-31 15:19:18"}
{"level":"error","message":"Error: Test Error","timestamp":"2024-10-31 15:26:35"}
{"level":"error","message":"Request: undefined undefined","timestamp":"2024-10-31 15:26:35"}
{"level":"error","message":"IP Address: undefined","timestamp":"2024-10-31 15:26:35"}
{"level":"error","message":"Error: Test Error","timestamp":"2024-10-31 15:26:35"}
{"level":"error","message":"Request: undefined undefined","timestamp":"2024-10-31 15:26:35"}
{"level":"error","message":"IP Address: undefined","timestamp":"2024-10-31 15:26:35"}
{"level":"error","message":"Error: Unknown error","timestamp":"2024-10-31 15:26:35"}
{"level":"error","message":"Request: undefined undefined","timestamp":"2024-10-31 15:26:35"}
{"level":"error","message":"IP Address: undefined","timestamp":"2024-10-31 15:26:35"}
{"level":"error","message":"Error: Test Error","timestamp":"2024-10-31 15:27:04"}
{"level":"error","message":"Request: undefined undefined","timestamp":"2024-10-31 15:27:04"}
{"level":"error","message":"IP Address: undefined","timestamp":"2024-10-31 15:27:04"}
{"level":"error","message":"Error: Test Error","timestamp":"2024-10-31 15:27:04"}
{"level":"error","message":"Request: undefined undefined","timestamp":"2024-10-31 15:27:04"}
{"level":"error","message":"IP Address: undefined","timestamp":"2024-10-31 15:27:04"}
{"level":"error","message":"Error: Unknown error","timestamp":"2024-10-31 15:27:04"}
{"level":"error","message":"Request: undefined undefined","timestamp":"2024-10-31 15:27:04"}
{"level":"error","message":"IP Address: undefined","timestamp":"2024-10-31 15:27:04"}
{"level":"error","message":"Error: Test Error","timestamp":"2024-10-31 15:54:27"}
{"level":"error","message":"Request: undefined undefined","timestamp":"2024-10-31 15:54:27"}
{"level":"error","message":"IP Address: undefined","timestamp":"2024-10-31 15:54:27"}
{"level":"error","message":"Error: Test Error","timestamp":"2024-10-31 15:54:27"}
{"level":"error","message":"Request: undefined undefined","timestamp":"2024-10-31 15:54:27"}
{"level":"error","message":"IP Address: undefined","timestamp":"2024-10-31 15:54:27"}
{"level":"error","message":"Error: Unknown error","timestamp":"2024-10-31 15:54:27"}
{"level":"error","message":"Request: undefined undefined","timestamp":"2024-10-31 15:54:27"}
{"level":"error","message":"IP Address: undefined","timestamp":"2024-10-31 15:54:27"}
{"level":"error","message":"Error: Test Error","timestamp":"2024-10-31 16:18:24"}
{"level":"error","message":"Request: undefined undefined","timestamp":"2024-10-31 16:18:24"}
{"level":"error","message":"IP Address: undefined","timestamp":"2024-10-31 16:18:24"}
{"level":"error","message":"Error: Test Error","timestamp":"2024-10-31 16:18:24"}
{"level":"error","message":"Request: undefined undefined","timestamp":"2024-10-31 16:18:24"}
{"level":"error","message":"IP Address: undefined","timestamp":"2024-10-31 16:18:24"}
{"level":"error","message":"Error: Unknown error","timestamp":"2024-10-31 16:18:24"}
{"level":"error","message":"Request: undefined undefined","timestamp":"2024-10-31 16:18:24"}
{"level":"error","message":"IP Address: undefined","timestamp":"2024-10-31 16:18:24"}
{"level":"error","message":"Error: Test Error","timestamp":"2024-10-31 16:35:37"}
{"level":"error","message":"Request: undefined undefined","timestamp":"2024-10-31 16:35:37"}
{"level":"error","message":"IP Address: undefined","timestamp":"2024-10-31 16:35:37"}
{"level":"error","message":"Error: Test Error","timestamp":"2024-10-31 16:35:37"}
{"level":"error","message":"Request: undefined undefined","timestamp":"2024-10-31 16:35:37"}
{"level":"error","message":"IP Address: undefined","timestamp":"2024-10-31 16:35:37"}
{"level":"error","message":"Error: Unknown error","timestamp":"2024-10-31 16:35:37"}
{"level":"error","message":"Request: undefined undefined","timestamp":"2024-10-31 16:35:37"}
{"level":"error","message":"IP Address: undefined","timestamp":"2024-10-31 16:35:37"}
{"level":"error","message":"Error: Test Error","timestamp":"2024-10-31 16:37:05"}
{"level":"error","message":"Request: undefined undefined","timestamp":"2024-10-31 16:37:05"}
{"level":"error","message":"IP Address: undefined","timestamp":"2024-10-31 16:37:05"}
{"level":"error","message":"Error: Test Error","timestamp":"2024-10-31 16:37:05"}
{"level":"error","message":"Request: undefined undefined","timestamp":"2024-10-31 16:37:05"}
{"level":"error","message":"IP Address: undefined","timestamp":"2024-10-31 16:37:05"}
{"level":"error","message":"Error: Unknown error","timestamp":"2024-10-31 16:37:05"}
{"level":"error","message":"Request: undefined undefined","timestamp":"2024-10-31 16:37:05"}
{"level":"error","message":"IP Address: undefined","timestamp":"2024-10-31 16:37:05"}
{"level":"error","message":"Error: Test Error","timestamp":"2024-10-31 16:38:44"}
{"level":"error","message":"Request: undefined undefined","timestamp":"2024-10-31 16:38:44"}
{"level":"error","message":"IP Address: undefined","timestamp":"2024-10-31 16:38:44"}
{"level":"error","message":"Error: Test Error","timestamp":"2024-10-31 16:38:44"}
{"level":"error","message":"Request: undefined undefined","timestamp":"2024-10-31 16:38:44"}
{"level":"error","message":"IP Address: undefined","timestamp":"2024-10-31 16:38:44"}
{"level":"error","message":"Error: Unknown error","timestamp":"2024-10-31 16:38:44"}
{"level":"error","message":"Request: undefined undefined","timestamp":"2024-10-31 16:38:44"}
{"level":"error","message":"IP Address: undefined","timestamp":"2024-10-31 16:38:44"}
{"level":"error","message":"Error: Test Error","timestamp":"2024-10-31 16:39:06"}
{"level":"error","message":"Request: undefined undefined","timestamp":"2024-10-31 16:39:06"}
{"level":"error","message":"IP Address: undefined","timestamp":"2024-10-31 16:39:06"}
{"level":"error","message":"Error: Test Error","timestamp":"2024-10-31 16:39:06"}
{"level":"error","message":"Request: undefined undefined","timestamp":"2024-10-31 16:39:06"}
{"level":"error","message":"IP Address: undefined","timestamp":"2024-10-31 16:39:06"}
{"level":"error","message":"Error: Unknown error","timestamp":"2024-10-31 16:39:06"}
{"level":"error","message":"Request: undefined undefined","timestamp":"2024-10-31 16:39:06"}
{"level":"error","message":"IP Address: undefined","timestamp":"2024-10-31 16:39:06"}
{"level":"error","message":"Error: Test Error","timestamp":"2024-10-31 16:40:32"}
{"level":"error","message":"Request: undefined undefined","timestamp":"2024-10-31 16:40:32"}
{"level":"error","message":"IP Address: undefined","timestamp":"2024-10-31 16:40:32"}
{"level":"error","message":"Error: Test Error","timestamp":"2024-10-31 16:40:32"}
{"level":"error","message":"Request: undefined undefined","timestamp":"2024-10-31 16:40:32"}
{"level":"error","message":"IP Address: undefined","timestamp":"2024-10-31 16:40:32"}
{"level":"error","message":"Error: Unknown error","timestamp":"2024-10-31 16:40:32"}
{"level":"error","message":"Request: undefined undefined","timestamp":"2024-10-31 16:40:32"}
{"level":"error","message":"IP Address: undefined","timestamp":"2024-10-31 16:40:32"}
