{"level":"info","message":"GET / - ::1","timestamp":"2024-10-30 14:11:06"}
{"level":"info","message":"GET /continents - ::1","timestamp":"2024-10-30 14:11:11"}
{"level":"info","message":"GET / - ::1","timestamp":"2024-10-30 14:18:08"}
{"level":"info","message":"GET /favicon.ico - ::1","timestamp":"2024-10-30 14:18:08"}
{"level":"info","message":"GET / - ::1","timestamp":"2024-10-30 14:19:23"}
{"level":"info","message":"GET /continents - ::1","timestamp":"2024-10-30 14:19:25"}
{"level":"info","message":"GET /continents/1017 - ::1","timestamp":"2024-10-30 14:19:33"}
{"level":"info","message":"GET /continents - ::1","timestamp":"2024-10-30 14:20:12"}
{"level":"info","message":"GET /continents?name=a - ::1","timestamp":"2024-10-30 14:20:15"}
{"level":"info","message":"GET /continents?limit=5&page=1&name=a - ::1","timestamp":"2024-10-30 14:20:15"}
{"level":"info","message":"GET /continents?limit=5&page=1&name=an - ::1","timestamp":"2024-10-30 14:20:18"}
{"level":"info","message":"GET /continents?limit=5&page=1&name=an - ::1","timestamp":"2024-10-30 14:20:18"}
{"level":"info","message":"GET /continents?limit=5&page=1&name= - ::1","timestamp":"2024-10-30 14:20:21"}
{"level":"info","message":"GET /continents?limit=5&page=1&name= - ::1","timestamp":"2024-10-30 14:20:21"}
{"level":"info","message":"GET /continents?limit=5&page=1&name=&sort=code - ::1","timestamp":"2024-10-30 14:20:22"}
{"level":"info","message":"GET /continents?limit=5&page=1&name=&sort=code - ::1","timestamp":"2024-10-30 14:20:22"}
{"level":"info","message":"GET /continents?limit=5&page=1&name=&sort=-code - ::1","timestamp":"2024-10-30 14:20:23"}
{"level":"info","message":"GET /continents?limit=5&page=1&name=&sort=-code - ::1","timestamp":"2024-10-30 14:20:23"}
{"level":"info","message":"GET /continents?limit=5&page=1&name=&sort=population - ::1","timestamp":"2024-10-30 14:20:25"}
{"level":"info","message":"GET /continents?limit=5&page=1&name=&sort=population - ::1","timestamp":"2024-10-30 14:20:25"}
{"level":"info","message":"GET /continents?limit=5&page=1&name=&sort=-population - ::1","timestamp":"2024-10-30 14:20:26"}
{"level":"info","message":"GET /continents?limit=5&page=1&name=&sort=-population - ::1","timestamp":"2024-10-30 14:20:26"}
{"level":"info","message":"GET / - ::1","timestamp":"2024-10-30 14:22:57"}
{"level":"info","message":"GET /continents - ::1","timestamp":"2024-10-30 14:22:59"}
{"level":"info","message":"GET /continents/1018 - ::1","timestamp":"2024-10-30 14:23:06"}
{"level":"error","message":"Error: Test Error","timestamp":"2024-10-30 14:31:57"}
{"level":"error","message":"Request: undefined undefined","timestamp":"2024-10-30 14:31:57"}
{"level":"error","message":"IP Address: undefined","timestamp":"2024-10-30 14:31:57"}
{"level":"error","message":"Error: Test Error","timestamp":"2024-10-30 14:31:57"}
{"level":"error","message":"Request: undefined undefined","timestamp":"2024-10-30 14:31:57"}
{"level":"error","message":"IP Address: undefined","timestamp":"2024-10-30 14:31:57"}
{"level":"error","message":"Error: Unknown error","timestamp":"2024-10-30 14:31:57"}
{"level":"error","message":"Request: undefined undefined","timestamp":"2024-10-30 14:31:57"}
{"level":"error","message":"IP Address: undefined","timestamp":"2024-10-30 14:31:57"}
{"level":"error","message":"Error: Test Error","timestamp":"2024-10-30 14:33:18"}
{"level":"error","message":"Request: undefined undefined","timestamp":"2024-10-30 14:33:18"}
{"level":"error","message":"IP Address: undefined","timestamp":"2024-10-30 14:33:18"}
{"level":"error","message":"Error: Test Error","timestamp":"2024-10-30 14:33:18"}
{"level":"error","message":"Request: undefined undefined","timestamp":"2024-10-30 14:33:18"}
{"level":"error","message":"IP Address: undefined","timestamp":"2024-10-30 14:33:18"}
{"level":"error","message":"Error: Unknown error","timestamp":"2024-10-30 14:33:18"}
{"level":"error","message":"Request: undefined undefined","timestamp":"2024-10-30 14:33:18"}
{"level":"error","message":"IP Address: undefined","timestamp":"2024-10-30 14:33:18"}
{"level":"error","message":"Error: Test Error","timestamp":"2024-10-30 14:34:38"}
{"level":"error","message":"Request: undefined undefined","timestamp":"2024-10-30 14:34:38"}
{"level":"error","message":"IP Address: undefined","timestamp":"2024-10-30 14:34:38"}
{"level":"error","message":"Error: Test Error","timestamp":"2024-10-30 14:34:38"}
{"level":"error","message":"Request: undefined undefined","timestamp":"2024-10-30 14:34:38"}
{"level":"error","message":"IP Address: undefined","timestamp":"2024-10-30 14:34:38"}
{"level":"error","message":"Error: Unknown error","timestamp":"2024-10-30 14:34:38"}
{"level":"error","message":"Request: undefined undefined","timestamp":"2024-10-30 14:34:38"}
{"level":"error","message":"IP Address: undefined","timestamp":"2024-10-30 14:34:38"}
{"level":"error","message":"Error: Test Error","timestamp":"2024-10-30 14:34:52"}
{"level":"error","message":"Request: undefined undefined","timestamp":"2024-10-30 14:34:52"}
{"level":"error","message":"IP Address: undefined","timestamp":"2024-10-30 14:34:52"}
{"level":"error","message":"Error: Test Error","timestamp":"2024-10-30 14:34:52"}
{"level":"error","message":"Request: undefined undefined","timestamp":"2024-10-30 14:34:52"}
{"level":"error","message":"IP Address: undefined","timestamp":"2024-10-30 14:34:52"}
{"level":"error","message":"Error: Unknown error","timestamp":"2024-10-30 14:34:52"}
{"level":"error","message":"Request: undefined undefined","timestamp":"2024-10-30 14:34:52"}
{"level":"error","message":"IP Address: undefined","timestamp":"2024-10-30 14:34:52"}
{"level":"error","message":"Error: Test Error","timestamp":"2024-10-30 14:35:31"}
{"level":"error","message":"Request: undefined undefined","timestamp":"2024-10-30 14:35:31"}
{"level":"error","message":"IP Address: undefined","timestamp":"2024-10-30 14:35:31"}
{"level":"error","message":"Error: Test Error","timestamp":"2024-10-30 14:35:31"}
{"level":"error","message":"Request: undefined undefined","timestamp":"2024-10-30 14:35:31"}
{"level":"error","message":"IP Address: undefined","timestamp":"2024-10-30 14:35:31"}
{"level":"error","message":"Error: Unknown error","timestamp":"2024-10-30 14:35:31"}
{"level":"error","message":"Request: undefined undefined","timestamp":"2024-10-30 14:35:31"}
{"level":"error","message":"IP Address: undefined","timestamp":"2024-10-30 14:35:31"}
{"level":"error","message":"Error: Test Error","timestamp":"2024-10-30 14:36:34"}
{"level":"error","message":"Request: undefined undefined","timestamp":"2024-10-30 14:36:34"}
{"level":"error","message":"IP Address: undefined","timestamp":"2024-10-30 14:36:34"}
{"level":"error","message":"Error: Test Error","timestamp":"2024-10-30 14:36:34"}
{"level":"error","message":"Request: undefined undefined","timestamp":"2024-10-30 14:36:34"}
{"level":"error","message":"IP Address: undefined","timestamp":"2024-10-30 14:36:34"}
{"level":"error","message":"Error: Unknown error","timestamp":"2024-10-30 14:36:34"}
{"level":"error","message":"Request: undefined undefined","timestamp":"2024-10-30 14:36:34"}
{"level":"error","message":"IP Address: undefined","timestamp":"2024-10-30 14:36:34"}
{"level":"error","message":"Error: Test Error","timestamp":"2024-10-30 14:37:27"}
{"level":"error","message":"Request: undefined undefined","timestamp":"2024-10-30 14:37:27"}
{"level":"error","message":"IP Address: undefined","timestamp":"2024-10-30 14:37:27"}
{"level":"error","message":"Error: Test Error","timestamp":"2024-10-30 14:37:27"}
{"level":"error","message":"Request: undefined undefined","timestamp":"2024-10-30 14:37:27"}
{"level":"error","message":"IP Address: undefined","timestamp":"2024-10-30 14:37:27"}
{"level":"error","message":"Error: Unknown error","timestamp":"2024-10-30 14:37:27"}
{"level":"error","message":"Request: undefined undefined","timestamp":"2024-10-30 14:37:27"}
{"level":"error","message":"IP Address: undefined","timestamp":"2024-10-30 14:37:27"}
{"level":"info","message":"GET / - ::1","timestamp":"2024-10-30 14:38:03"}
{"level":"error","message":"Error: Test Error","timestamp":"2024-10-30 14:38:45"}
{"level":"error","message":"Request: undefined undefined","timestamp":"2024-10-30 14:38:45"}
{"level":"error","message":"IP Address: undefined","timestamp":"2024-10-30 14:38:45"}
{"level":"error","message":"Error: Test Error","timestamp":"2024-10-30 14:38:45"}
{"level":"error","message":"Request: undefined undefined","timestamp":"2024-10-30 14:38:45"}
{"level":"error","message":"IP Address: undefined","timestamp":"2024-10-30 14:38:45"}
{"level":"error","message":"Error: Unknown error","timestamp":"2024-10-30 14:38:45"}
{"level":"error","message":"Request: undefined undefined","timestamp":"2024-10-30 14:38:45"}
{"level":"error","message":"IP Address: undefined","timestamp":"2024-10-30 14:38:45"}
{"level":"info","message":"GET / - ::1","timestamp":"2024-10-30 14:45:37"}
{"level":"info","message":"GET /continents - ::1","timestamp":"2024-10-30 14:45:43"}
{"level":"info","message":"GET /continents/1017 - ::1","timestamp":"2024-10-30 14:45:44"}
{"level":"info","message":"GET /continents - ::1","timestamp":"2024-10-30 15:03:45"}
{"level":"info","message":"GET /continents/1017 - ::1","timestamp":"2024-10-30 15:03:46"}
{"level":"info","message":"GET /continents - ::1","timestamp":"2024-10-30 15:04:05"}
{"level":"info","message":"GET /continents - ::1","timestamp":"2024-10-30 15:04:13"}
{"level":"info","message":"GET /continents/1017 - ::1","timestamp":"2024-10-30 15:04:14"}
{"level":"info","message":"GET / - ::1","timestamp":"2024-10-30 17:45:29"}
{"level":"info","message":"GET /favicon.ico - ::1","timestamp":"2024-10-30 17:45:29"}
{"level":"info","message":"GET /continents - ::1","timestamp":"2024-10-30 17:45:33"}
{"level":"info","message":"GET /continents - ::1","timestamp":"2024-10-30 17:45:42"}
{"level":"info","message":"POST /continents - ::1","timestamp":"2024-10-30 17:45:47"}
{"level":"info","message":"GET /continents - ::1","timestamp":"2024-10-30 17:45:49"}
{"level":"info","message":"GET /continents/1032 - ::1","timestamp":"2024-10-30 17:45:51"}
{"level":"info","message":"DELETE /continents/1032 - ::1","timestamp":"2024-10-30 17:45:52"}
{"level":"info","message":"GET /continents - ::1","timestamp":"2024-10-30 17:45:53"}
{"level":"error","message":"Error: Test Error","timestamp":"2024-10-30 18:07:30"}
{"level":"error","message":"Request: undefined undefined","timestamp":"2024-10-30 18:07:30"}
{"level":"error","message":"IP Address: undefined","timestamp":"2024-10-30 18:07:30"}
{"level":"error","message":"Error: Test Error","timestamp":"2024-10-30 18:07:30"}
{"level":"error","message":"Request: undefined undefined","timestamp":"2024-10-30 18:07:30"}
{"level":"error","message":"IP Address: undefined","timestamp":"2024-10-30 18:07:30"}
{"level":"error","message":"Error: Unknown error","timestamp":"2024-10-30 18:07:30"}
{"level":"error","message":"Request: undefined undefined","timestamp":"2024-10-30 18:07:30"}
{"level":"error","message":"IP Address: undefined","timestamp":"2024-10-30 18:07:30"}
{"level":"info","message":"GET / - ::1","timestamp":"2024-10-30 18:08:01"}
{"level":"info","message":"GET /favicon.ico - ::1","timestamp":"2024-10-30 18:08:01"}
{"level":"info","message":"GET /continents - ::1","timestamp":"2024-10-30 18:08:07"}
{"level":"info","message":"GET /continents/1017 - ::1","timestamp":"2024-10-30 18:08:15"}
{"level":"error","message":"Error: Test Error","timestamp":"2024-10-30 18:15:21"}
{"level":"error","message":"Request: undefined undefined","timestamp":"2024-10-30 18:15:21"}
{"level":"error","message":"IP Address: undefined","timestamp":"2024-10-30 18:15:21"}
{"level":"error","message":"Error: Test Error","timestamp":"2024-10-30 18:15:21"}
{"level":"error","message":"Request: undefined undefined","timestamp":"2024-10-30 18:15:21"}
{"level":"error","message":"IP Address: undefined","timestamp":"2024-10-30 18:15:21"}
{"level":"error","message":"Error: Unknown error","timestamp":"2024-10-30 18:15:21"}
{"level":"error","message":"Request: undefined undefined","timestamp":"2024-10-30 18:15:21"}
{"level":"error","message":"IP Address: undefined","timestamp":"2024-10-30 18:15:21"}
{"level":"info","message":"GET / - ::1","timestamp":"2024-10-30 18:15:53"}
{"level":"info","message":"GET /continents - ::1","timestamp":"2024-10-30 18:15:56"}
{"level":"info","message":"GET / - ::1","timestamp":"2024-10-30 18:35:38"}
{"level":"info","message":"GET /continents - ::1","timestamp":"2024-10-30 18:35:43"}
{"level":"info","message":"GET /continents - ::1","timestamp":"2024-10-30 18:38:44"}
{"level":"info","message":"GET / - ::1","timestamp":"2024-10-30 18:41:06"}
{"level":"info","message":"GET /continents - ::1","timestamp":"2024-10-30 18:41:09"}
{"level":"info","message":"GET /continents - ::1","timestamp":"2024-10-30 18:57:03"}
{"level":"info","message":"GET /continents/1000 - ::1","timestamp":"2024-10-30 18:57:08"}
{"level":"info","message":"GET / - ::1","timestamp":"2024-10-30 18:57:48"}
{"level":"info","message":"GET /continents - ::1","timestamp":"2024-10-30 18:57:51"}
{"level":"info","message":"GET /continents/1001 - ::1","timestamp":"2024-10-30 18:58:00"}
