{"level":"error","message":"Error: Test Error","timestamp":"2024-10-31 06:38:32"}
{"level":"error","message":"Request: undefined undefined","timestamp":"2024-10-31 06:38:32"}
{"level":"error","message":"IP Address: undefined","timestamp":"2024-10-31 06:38:32"}
{"level":"error","message":"Error: Test Error","timestamp":"2024-10-31 06:38:32"}
{"level":"error","message":"Request: undefined undefined","timestamp":"2024-10-31 06:38:32"}
{"level":"error","message":"IP Address: undefined","timestamp":"2024-10-31 06:38:32"}
{"level":"error","message":"Error: Unknown error","timestamp":"2024-10-31 06:38:32"}
{"level":"error","message":"Request: undefined undefined","timestamp":"2024-10-31 06:38:32"}
{"level":"error","message":"IP Address: undefined","timestamp":"2024-10-31 06:38:32"}
{"level":"error","message":"Error: Test Error","timestamp":"2024-10-31 06:41:21"}
{"level":"error","message":"Request: undefined undefined","timestamp":"2024-10-31 06:41:21"}
{"level":"error","message":"IP Address: undefined","timestamp":"2024-10-31 06:41:21"}
{"level":"error","message":"Error: Test Error","timestamp":"2024-10-31 06:41:21"}
{"level":"error","message":"Request: undefined undefined","timestamp":"2024-10-31 06:41:21"}
{"level":"error","message":"IP Address: undefined","timestamp":"2024-10-31 06:41:21"}
{"level":"error","message":"Error: Unknown error","timestamp":"2024-10-31 06:41:21"}
{"level":"error","message":"Request: undefined undefined","timestamp":"2024-10-31 06:41:21"}
{"level":"error","message":"IP Address: undefined","timestamp":"2024-10-31 06:41:21"}
{"level":"error","message":"Error: Test Error","timestamp":"2024-10-31 06:41:55"}
{"level":"error","message":"Request: undefined undefined","timestamp":"2024-10-31 06:41:55"}
{"level":"error","message":"IP Address: undefined","timestamp":"2024-10-31 06:41:55"}
{"level":"error","message":"Error: Test Error","timestamp":"2024-10-31 06:41:55"}
{"level":"error","message":"Request: undefined undefined","timestamp":"2024-10-31 06:41:55"}
{"level":"error","message":"IP Address: undefined","timestamp":"2024-10-31 06:41:55"}
{"level":"error","message":"Error: Unknown error","timestamp":"2024-10-31 06:41:55"}
{"level":"error","message":"Request: undefined undefined","timestamp":"2024-10-31 06:41:55"}
{"level":"error","message":"IP Address: undefined","timestamp":"2024-10-31 06:41:55"}
{"level":"error","message":"Error: Test Error","timestamp":"2024-10-31 06:42:02"}
{"level":"error","message":"Request: undefined undefined","timestamp":"2024-10-31 06:42:02"}
{"level":"error","message":"IP Address: undefined","timestamp":"2024-10-31 06:42:02"}
{"level":"error","message":"Error: Test Error","timestamp":"2024-10-31 06:42:02"}
{"level":"error","message":"Request: undefined undefined","timestamp":"2024-10-31 06:42:02"}
{"level":"error","message":"IP Address: undefined","timestamp":"2024-10-31 06:42:02"}
{"level":"error","message":"Error: Unknown error","timestamp":"2024-10-31 06:42:02"}
{"level":"error","message":"Request: undefined undefined","timestamp":"2024-10-31 06:42:02"}
{"level":"error","message":"IP Address: undefined","timestamp":"2024-10-31 06:42:02"}
{"level":"error","message":"Error: Test Error","timestamp":"2024-10-31 06:55:25"}
{"level":"error","message":"Request: undefined undefined","timestamp":"2024-10-31 06:55:25"}
{"level":"error","message":"IP Address: undefined","timestamp":"2024-10-31 06:55:25"}
{"level":"error","message":"Error: Test Error","timestamp":"2024-10-31 06:55:25"}
{"level":"error","message":"Request: undefined undefined","timestamp":"2024-10-31 06:55:25"}
{"level":"error","message":"IP Address: undefined","timestamp":"2024-10-31 06:55:25"}
{"level":"error","message":"Error: Unknown error","timestamp":"2024-10-31 06:55:25"}
{"level":"error","message":"Request: undefined undefined","timestamp":"2024-10-31 06:55:25"}
{"level":"error","message":"IP Address: undefined","timestamp":"2024-10-31 06:55:25"}
{"level":"info","message":"GET /continents - ::1","timestamp":"2024-10-31 06:55:48"}
{"level":"info","message":"GET /continents - ::1","timestamp":"2024-10-31 06:56:25"}
{"level":"info","message":"GET /continents/1017 - ::1","timestamp":"2024-10-31 06:56:38"}
{"level":"info","message":"GET /continents - ::1","timestamp":"2024-10-31 06:56:40"}
{"level":"info","message":"GET /continents - ::1","timestamp":"2024-10-31 06:56:43"}
{"level":"info","message":"GET /continents?limit=5&page=2 - ::1","timestamp":"2024-10-31 06:56:43"}
{"level":"info","message":"POST /continents - ::1","timestamp":"2024-10-31 06:56:48"}
{"level":"info","message":"POST /continents - ::1","timestamp":"2024-10-31 06:56:57"}
{"level":"info","message":"GET /continents - ::1","timestamp":"2024-10-31 06:56:59"}
{"level":"info","message":"GET /continents - ::1","timestamp":"2024-10-31 06:57:00"}
{"level":"info","message":"GET /continents?limit=5&page=2 - ::1","timestamp":"2024-10-31 06:57:00"}
{"level":"info","message":"GET /continents?limit=5&page=2 - ::1","timestamp":"2024-10-31 06:57:02"}
{"level":"info","message":"GET /continents?limit=5&page=1 - ::1","timestamp":"2024-10-31 06:57:02"}
{"level":"info","message":"GET /continents?limit=5&page=1 - ::1","timestamp":"2024-10-31 06:57:04"}
{"level":"info","message":"GET /continents?limit=5&page=2 - ::1","timestamp":"2024-10-31 06:57:04"}
{"level":"info","message":"GET /continents/1033 - ::1","timestamp":"2024-10-31 06:57:07"}
{"level":"info","message":"DELETE /continents/1033 - ::1","timestamp":"2024-10-31 06:57:08"}
{"level":"info","message":"GET /continents - ::1","timestamp":"2024-10-31 06:57:09"}
{"level":"info","message":"GET /continents - ::1","timestamp":"2024-10-31 06:57:11"}
{"level":"info","message":"GET /continents?limit=5&page=2 - ::1","timestamp":"2024-10-31 06:57:11"}
{"level":"info","message":"GET /continents?limit=5&page=2 - ::1","timestamp":"2024-10-31 06:57:13"}
{"level":"info","message":"GET /continents?limit=5&page=2 - ::1","timestamp":"2024-10-31 06:57:14"}
{"level":"info","message":"GET /continents?limit=5&page=2 - ::1","timestamp":"2024-10-31 06:57:15"}
{"level":"info","message":"GET /continents?limit=5&page=1 - ::1","timestamp":"2024-10-31 06:57:15"}
{"level":"info","message":"GET /continents?limit=5&page=1 - ::1","timestamp":"2024-10-31 06:57:17"}
{"level":"info","message":"GET /continents?limit=10&page=1 - ::1","timestamp":"2024-10-31 06:57:17"}
{"level":"info","message":"GET /continents/1034 - ::1","timestamp":"2024-10-31 06:57:19"}
{"level":"info","message":"DELETE /continents/1034 - ::1","timestamp":"2024-10-31 06:57:20"}
{"level":"info","message":"GET /continents - ::1","timestamp":"2024-10-31 06:57:22"}
{"level":"info","message":"POST /continents - ::1","timestamp":"2024-10-31 06:57:34"}
{"level":"info","message":"GET /continents - ::1","timestamp":"2024-10-31 06:57:35"}
{"level":"info","message":"GET /continents - ::1","timestamp":"2024-10-31 06:57:36"}
{"level":"info","message":"GET /continents?limit=5&page=2 - ::1","timestamp":"2024-10-31 06:57:36"}
{"level":"info","message":"GET /continents?limit=5&page=2 - ::1","timestamp":"2024-10-31 06:57:38"}
{"level":"info","message":"GET /continents?limit=5&page=1 - ::1","timestamp":"2024-10-31 06:57:38"}
{"level":"info","message":"GET /continents?limit=5&page=1 - ::1","timestamp":"2024-10-31 06:57:44"}
{"level":"info","message":"GET /continents?limit=5&page=1 - ::1","timestamp":"2024-10-31 06:57:45"}
{"level":"info","message":"GET /continents?limit=5&page=1 - ::1","timestamp":"2024-10-31 06:57:46"}
{"level":"info","message":"GET /continents?limit=5&page=2 - ::1","timestamp":"2024-10-31 06:57:46"}
{"level":"info","message":"POST /continents - ::1","timestamp":"2024-10-31 06:57:59"}
{"level":"info","message":"GET /continents - ::1","timestamp":"2024-10-31 06:58:00"}
{"level":"info","message":"GET /continents - ::1","timestamp":"2024-10-31 06:58:02"}
{"level":"info","message":"GET /continents?limit=5&page=2 - ::1","timestamp":"2024-10-31 06:58:02"}
{"level":"info","message":"GET /continents?limit=5&page=2 - ::1","timestamp":"2024-10-31 06:58:04"}
{"level":"info","message":"GET /continents?limit=5&page=1 - ::1","timestamp":"2024-10-31 06:58:04"}
{"level":"info","message":"GET /continents?limit=5&page=1 - ::1","timestamp":"2024-10-31 06:59:49"}
{"level":"info","message":"GET /continents - ::1","timestamp":"2024-10-31 07:46:12"}
{"level":"info","message":"GET /continents - ::1","timestamp":"2024-10-31 07:46:21"}
{"level":"info","message":"GET /continents - ::1","timestamp":"2024-10-31 07:46:23"}
{"level":"info","message":"GET /continents?limit=5&page=2 - ::1","timestamp":"2024-10-31 07:46:23"}
{"level":"info","message":"GET /continents?limit=5&page=2 - ::1","timestamp":"2024-10-31 07:46:24"}
{"level":"info","message":"GET /continents?limit=5&page=1 - ::1","timestamp":"2024-10-31 07:46:24"}
{"level":"info","message":"GET /continents?limit=5&page=1 - ::1","timestamp":"2024-10-31 07:46:25"}
{"level":"info","message":"GET /continents?limit=5&page=2 - ::1","timestamp":"2024-10-31 07:46:25"}
{"level":"info","message":"GET /continents - ::1","timestamp":"2024-10-31 07:46:26"}
{"level":"info","message":"GET /continents - ::1","timestamp":"2024-10-31 08:11:45"}
{"level":"info","message":"GET /continents?limit=5&page=1 - ::1","timestamp":"2024-10-31 08:11:56"}
{"level":"info","message":"GET /continents - ::1","timestamp":"2024-10-31 08:24:18"}
{"level":"info","message":"GET /continents - ::1","timestamp":"2024-10-31 08:27:52"}
{"level":"info","message":"GET /continents - ::1","timestamp":"2024-10-31 08:27:52"}
{"level":"info","message":"GET /continents - ::1","timestamp":"2024-10-31 08:34:35"}
{"level":"info","message":"GET /continents - ::1","timestamp":"2024-10-31 08:34:35"}
{"level":"info","message":"GET /continents - ::1","timestamp":"2024-10-31 08:34:51"}
{"level":"info","message":"GET /continents - ::1","timestamp":"2024-10-31 08:34:51"}
{"level":"info","message":"GET /continents - ::1","timestamp":"2024-10-31 08:35:01"}
{"level":"info","message":"GET /continents - ::1","timestamp":"2024-10-31 08:36:09"}
{"level":"info","message":"GET /continents - ::1","timestamp":"2024-10-31 08:36:58"}
{"level":"info","message":"GET /continents - ::1","timestamp":"2024-10-31 08:38:08"}
{"level":"info","message":"GET /continents - ::1","timestamp":"2024-10-31 08:39:30"}
{"level":"info","message":"GET /continents?limit=2&page=1 - ::1","timestamp":"2024-10-31 08:39:30"}
{"level":"info","message":"GET /continents?limit=2&page=1 - ::1","timestamp":"2024-10-31 08:39:33"}
{"level":"info","message":"GET /continents?limit=3&page=1 - ::1","timestamp":"2024-10-31 08:39:33"}
{"level":"info","message":"GET /continents?limit=3&page=1 - ::1","timestamp":"2024-10-31 08:39:35"}
{"level":"info","message":"GET /continents?limit=4&page=1 - ::1","timestamp":"2024-10-31 08:39:35"}
{"level":"info","message":"GET /continents?limit=3&page=1 - ::1","timestamp":"2024-10-31 08:39:39"}
{"level":"info","message":"GET /continents?limit=4&page=1 - ::1","timestamp":"2024-10-31 08:39:42"}
{"level":"info","message":"GET /continents?limit=3&page=1 - ::1","timestamp":"2024-10-31 08:39:46"}
{"level":"info","message":"GET /continents?limit=3&page=1 - ::1","timestamp":"2024-10-31 08:39:54"}
{"level":"info","message":"GET /continents?limit=3&page=1 - ::1","timestamp":"2024-10-31 08:41:38"}
{"level":"info","message":"GET /continents?limit=3&page=1 - ::1","timestamp":"2024-10-31 08:41:44"}
{"level":"info","message":"GET /continents?limit=3&page=1 - ::1","timestamp":"2024-10-31 08:42:59"}
{"level":"info","message":"GET /continents?limit=3&page=1 - ::1","timestamp":"2024-10-31 08:43:04"}
{"level":"info","message":"GET /continents?limit=3&page=1 - ::1","timestamp":"2024-10-31 08:43:07"}
{"level":"info","message":"GET /continents?limit=3&page=3 - ::1","timestamp":"2024-10-31 08:43:07"}
{"level":"info","message":"GET /continents?limit=3&page=3 - ::1","timestamp":"2024-10-31 08:43:08"}
{"level":"info","message":"GET /continents?limit=3&page=2 - ::1","timestamp":"2024-10-31 08:43:08"}
{"level":"info","message":"GET /continents?limit=3&page=2 - ::1","timestamp":"2024-10-31 08:43:09"}
{"level":"info","message":"GET /continents?limit=3&page=3 - ::1","timestamp":"2024-10-31 08:43:10"}
{"level":"info","message":"GET /continents?limit=3&page=3 - ::1","timestamp":"2024-10-31 08:43:10"}
{"level":"info","message":"GET /continents?limit=3&page=1 - ::1","timestamp":"2024-10-31 08:43:10"}
{"level":"info","message":"GET /continents?limit=3&page=1 - ::1","timestamp":"2024-10-31 08:43:12"}
{"level":"info","message":"GET /continents?limit=3&page=2 - ::1","timestamp":"2024-10-31 08:43:12"}
{"level":"info","message":"GET /continents?limit=3&page=2 - ::1","timestamp":"2024-10-31 08:43:13"}
{"level":"info","message":"GET /continents?limit=3&page=3 - ::1","timestamp":"2024-10-31 08:43:13"}
{"level":"info","message":"GET /continents?limit=3&page=3 - ::1","timestamp":"2024-10-31 08:43:15"}
{"level":"info","message":"GET /continents?limit=1&page=3 - ::1","timestamp":"2024-10-31 08:43:15"}
{"level":"info","message":"GET /continents?limit=1&page=3 - ::1","timestamp":"2024-10-31 08:43:16"}
{"level":"info","message":"GET /continents?limit=2&page=3 - ::1","timestamp":"2024-10-31 08:43:16"}
{"level":"info","message":"GET /continents?limit=2&page=3 - ::1","timestamp":"2024-10-31 08:43:18"}
{"level":"info","message":"GET /continents?limit=4&page=3 - ::1","timestamp":"2024-10-31 08:43:18"}
{"level":"info","message":"GET /continents?limit=4&page=3 - ::1","timestamp":"2024-10-31 08:43:19"}
{"level":"info","message":"GET /continents?limit=5&page=1 - ::1","timestamp":"2024-10-31 08:43:19"}
{"level":"info","message":"GET /continents?limit=5&page=1 - ::1","timestamp":"2024-10-31 08:43:21"}
{"level":"info","message":"GET /continents?limit=10&page=1 - ::1","timestamp":"2024-10-31 08:43:21"}
{"level":"info","message":"GET /continents?limit=5&page=1 - ::1","timestamp":"2024-10-31 08:43:23"}
{"level":"info","message":"GET /continents?limit=5&page=2 - ::1","timestamp":"2024-10-31 08:43:28"}
{"level":"info","message":"GET /continents?limit=5&page=2&sort=name - ::1","timestamp":"2024-10-31 08:44:40"}
{"level":"info","message":"GET /continents?limit=5&page=2&sort=name - ::1","timestamp":"2024-10-31 08:44:40"}
{"level":"info","message":"GET /continents?limit=5&page=2&sort=-name - ::1","timestamp":"2024-10-31 08:44:41"}
{"level":"info","message":"GET /continents?limit=5&page=2&sort=-name - ::1","timestamp":"2024-10-31 08:44:41"}
{"level":"info","message":"GET /continents?limit=5&page=2 - ::1","timestamp":"2024-10-31 08:44:42"}
{"level":"info","message":"GET /continents?limit=5&page=2 - ::1","timestamp":"2024-10-31 08:44:42"}
{"level":"info","message":"GET /continents?limit=5&page=2&sort=name - ::1","timestamp":"2024-10-31 08:44:43"}
{"level":"info","message":"GET /continents?limit=5&page=2&sort=name - ::1","timestamp":"2024-10-31 08:44:43"}
{"level":"info","message":"GET /continents?limit=5&page=2&sort=-name - ::1","timestamp":"2024-10-31 08:44:45"}
{"level":"info","message":"GET /continents?limit=5&page=2&sort=-name - ::1","timestamp":"2024-10-31 08:44:45"}
{"level":"info","message":"GET /continents?limit=5&page=2 - ::1","timestamp":"2024-10-31 08:44:47"}
{"level":"info","message":"GET /continents?limit=5&page=2 - ::1","timestamp":"2024-10-31 08:44:47"}
{"level":"info","message":"GET /continents?limit=5&page=2 - ::1","timestamp":"2024-10-31 08:44:49"}
{"level":"info","message":"GET /continents?limit=5&page=1 - ::1","timestamp":"2024-10-31 08:44:49"}
{"level":"info","message":"GET /continents/1002 - ::1","timestamp":"2024-10-31 08:44:52"}
{"level":"info","message":"GET /continents - ::1","timestamp":"2024-10-31 08:44:54"}
{"level":"info","message":"GET /continents - ::1","timestamp":"2024-10-31 08:45:05"}
{"level":"info","message":"GET /continents?limit=2&page=1 - ::1","timestamp":"2024-10-31 08:45:05"}
{"level":"info","message":"GET /continents?limit=2&page=1&name=a - ::1","timestamp":"2024-10-31 08:45:08"}
{"level":"info","message":"GET /continents?limit=2&page=1&name=a - ::1","timestamp":"2024-10-31 08:45:08"}
{"level":"info","message":"GET /continents?limit=2&page=1&name=a - ::1","timestamp":"2024-10-31 08:45:12"}
{"level":"info","message":"GET /continents?limit=2&page=2&name=a - ::1","timestamp":"2024-10-31 08:45:12"}
{"level":"info","message":"GET /continents?limit=2&page=2&name=a - ::1","timestamp":"2024-10-31 08:45:12"}
{"level":"info","message":"GET /continents?limit=2&page=3&name=a - ::1","timestamp":"2024-10-31 08:45:12"}
{"level":"info","message":"GET /continents?limit=2&page=2&name=a - ::1","timestamp":"2024-10-31 08:45:14"}
{"level":"info","message":"GET /continents?limit=2&page=1&name=a - ::1","timestamp":"2024-10-31 08:45:15"}
{"level":"info","message":"GET /continents?limit=2&page=1&name=a&sort=name - ::1","timestamp":"2024-10-31 08:45:16"}
{"level":"info","message":"GET /continents?limit=2&page=1&name=a&sort=name - ::1","timestamp":"2024-10-31 08:45:16"}
{"level":"info","message":"GET /continents?limit=2&page=1&name=a&sort=-name - ::1","timestamp":"2024-10-31 08:45:18"}
{"level":"info","message":"GET /continents?limit=2&page=1&name=a&sort=-name - ::1","timestamp":"2024-10-31 08:45:18"}
{"level":"info","message":"GET /continents?limit=2&page=1&name=a - ::1","timestamp":"2024-10-31 08:47:01"}
{"level":"info","message":"GET /continents - ::1","timestamp":"2024-10-31 08:47:10"}
{"level":"info","message":"GET /continents - ::1","timestamp":"2024-10-31 08:47:14"}
{"level":"info","message":"GET /continents?limit=5&page=1 - ::1","timestamp":"2024-10-31 08:47:14"}
{"level":"info","message":"GET /continents?limit=5&page=1 - ::1","timestamp":"2024-10-31 08:47:18"}
{"level":"info","message":"GET /continents?limit=5&page=1 - ::1","timestamp":"2024-10-31 08:47:22"}
{"level":"info","message":"GET /continents?limit=5&page=1 - ::1","timestamp":"2024-10-31 08:47:23"}
{"level":"info","message":"GET /continents?limit=5&page=2 - ::1","timestamp":"2024-10-31 08:47:23"}
{"level":"info","message":"GET /continents?limit=5&page=1 - ::1","timestamp":"2024-10-31 08:47:24"}
{"level":"info","message":"GET /continents?limit=5&page=2 - ::1","timestamp":"2024-10-31 08:47:26"}
{"level":"info","message":"GET /continents?limit=5&page=1 - ::1","timestamp":"2024-10-31 08:47:28"}
{"level":"info","message":"GET /continents - ::1","timestamp":"2024-10-31 08:47:40"}
{"level":"info","message":"GET /continents/1000 - ::1","timestamp":"2024-10-31 08:49:34"}
{"level":"info","message":"GET /continents/1000 - ::1","timestamp":"2024-10-31 08:51:45"}
{"level":"info","message":"GET /continents - ::1","timestamp":"2024-10-31 08:51:49"}
{"level":"info","message":"GET /continents/1000 - ::1","timestamp":"2024-10-31 08:51:49"}
{"level":"info","message":"PUT /continents/1000 - ::1","timestamp":"2024-10-31 08:51:55"}
{"level":"info","message":"GET /continents - ::1","timestamp":"2024-10-31 08:51:57"}
{"level":"info","message":"GET /continents/1000 - ::1","timestamp":"2024-10-31 08:51:59"}
{"level":"info","message":"PUT /continents/1000 - ::1","timestamp":"2024-10-31 08:52:02"}
{"level":"info","message":"PUT /continents/1000 - ::1","timestamp":"2024-10-31 08:52:12"}
{"level":"info","message":"GET /continents - ::1","timestamp":"2024-10-31 08:52:14"}
{"level":"info","message":"GET /continents/1000 - ::1","timestamp":"2024-10-31 08:52:15"}
{"level":"info","message":"PUT /continents/1000 - ::1","timestamp":"2024-10-31 08:52:23"}
{"level":"error","message":"Error: Continent not found","timestamp":"2024-10-31 08:52:23"}
{"level":"error","message":"Request: PUT /continents/1000","timestamp":"2024-10-31 08:52:23"}
{"level":"error","message":"IP Address: ::1","timestamp":"2024-10-31 08:52:23"}
{"level":"info","message":"GET /continents - ::1","timestamp":"2024-10-31 09:08:03"}
{"level":"info","message":"GET /continents/1006 - ::1","timestamp":"2024-10-31 09:08:22"}
{"level":"info","message":"GET /continents - ::1","timestamp":"2024-10-31 09:08:25"}
{"level":"info","message":"GET /continents - ::1","timestamp":"2024-10-31 09:08:35"}
{"level":"info","message":"GET /continents?limit=10&page=1 - ::1","timestamp":"2024-10-31 09:08:35"}
{"level":"info","message":"GET /continents?limit=10&page=1 - ::1","timestamp":"2024-10-31 09:08:36"}
{"level":"info","message":"GET /continents - ::1","timestamp":"2024-10-31 09:08:40"}
{"level":"info","message":"GET /continents - ::1","timestamp":"2024-10-31 09:08:45"}
{"level":"info","message":"GET /continents?limit=2&page=1 - ::1","timestamp":"2024-10-31 09:08:45"}
{"level":"info","message":"GET /continents?limit=2&page=1 - ::1","timestamp":"2024-10-31 09:08:47"}
{"level":"info","message":"GET /continents?limit=2&page=4 - ::1","timestamp":"2024-10-31 09:08:47"}
{"level":"info","message":"GET /continents?limit=2&page=4 - ::1","timestamp":"2024-10-31 09:08:48"}
{"level":"info","message":"GET /continents?limit=2&page=3 - ::1","timestamp":"2024-10-31 09:08:48"}
{"level":"info","message":"GET /continents?limit=2&page=3 - ::1","timestamp":"2024-10-31 09:08:49"}
{"level":"info","message":"GET /continents?limit=2&page=4 - ::1","timestamp":"2024-10-31 09:08:49"}
{"level":"info","message":"GET /continents - ::1","timestamp":"2024-10-31 09:11:01"}
{"level":"info","message":"POST /continents - ::1","timestamp":"2024-10-31 09:11:15"}
{"level":"info","message":"GET /continents - ::1","timestamp":"2024-10-31 09:11:17"}
{"level":"info","message":"POST /continents - ::1","timestamp":"2024-10-31 09:11:26"}
{"level":"info","message":"GET /continents - ::1","timestamp":"2024-10-31 09:11:28"}
{"level":"info","message":"GET /continents/1007 - ::1","timestamp":"2024-10-31 09:11:31"}
{"level":"info","message":"PUT /continents/1007 - ::1","timestamp":"2024-10-31 09:11:36"}
{"level":"info","message":"PUT /continents/1007 - ::1","timestamp":"2024-10-31 09:13:12"}
{"level":"info","message":"GET /continents - ::1","timestamp":"2024-10-31 09:14:54"}
{"level":"info","message":"GET /continents/1007 - ::1","timestamp":"2024-10-31 09:14:56"}
{"level":"info","message":"DELETE /continents/1007 - ::1","timestamp":"2024-10-31 09:15:01"}
{"level":"info","message":"GET /continents - ::1","timestamp":"2024-10-31 09:27:10"}
{"level":"info","message":"POST /continents - ::1","timestamp":"2024-10-31 09:27:21"}
{"level":"info","message":"GET /continents - ::1","timestamp":"2024-10-31 09:27:25"}
{"level":"info","message":"GET /continents/1008 - ::1","timestamp":"2024-10-31 09:27:27"}
{"level":"info","message":"GET /continents - ::1","timestamp":"2024-10-31 09:28:43"}
{"level":"info","message":"GET /continents/1008 - ::1","timestamp":"2024-10-31 09:28:44"}
{"level":"info","message":"PUT /continents/1008 - ::1","timestamp":"2024-10-31 09:28:49"}
{"level":"error","message":"Error: Continent not found","timestamp":"2024-10-31 09:28:49"}
{"level":"error","message":"Request: PUT /continents/1008","timestamp":"2024-10-31 09:28:49"}
{"level":"error","message":"IP Address: ::1","timestamp":"2024-10-31 09:28:49"}
{"level":"info","message":"GET /continents - ::1","timestamp":"2024-10-31 09:28:58"}
{"level":"info","message":"GET /continents/1008 - ::1","timestamp":"2024-10-31 09:28:59"}
{"level":"info","message":"PUT /continents/1008 - ::1","timestamp":"2024-10-31 09:29:08"}
{"level":"info","message":"GET /continents - ::1","timestamp":"2024-10-31 09:29:09"}
{"level":"info","message":"GET /continents/1008 - ::1","timestamp":"2024-10-31 09:29:11"}
{"level":"info","message":"PUT /continents/1008 - ::1","timestamp":"2024-10-31 09:29:14"}
{"level":"info","message":"GET /continents - ::1","timestamp":"2024-10-31 09:29:16"}
{"level":"info","message":"GET /continents/1008 - ::1","timestamp":"2024-10-31 09:29:17"}
{"level":"info","message":"PUT /continents/1008 - ::1","timestamp":"2024-10-31 09:29:24"}
{"level":"info","message":"GET /continents - ::1","timestamp":"2024-10-31 09:29:26"}
{"level":"info","message":"GET /continents/1008 - ::1","timestamp":"2024-10-31 09:29:27"}
{"level":"info","message":"GET /continents - ::1","timestamp":"2024-10-31 09:30:08"}
{"level":"info","message":"GET /continents/1008 - ::1","timestamp":"2024-10-31 09:30:09"}
{"level":"info","message":"DELETE /continents/1008 - ::1","timestamp":"2024-10-31 09:30:11"}
{"level":"info","message":"GET /continents - ::1","timestamp":"2024-10-31 09:30:12"}
{"level":"error","message":"Error: Test Error","timestamp":"2024-10-31 09:31:18"}
{"level":"error","message":"Request: undefined undefined","timestamp":"2024-10-31 09:31:18"}
{"level":"error","message":"IP Address: undefined","timestamp":"2024-10-31 09:31:18"}
{"level":"error","message":"Error: Test Error","timestamp":"2024-10-31 09:31:18"}
{"level":"error","message":"Request: undefined undefined","timestamp":"2024-10-31 09:31:18"}
{"level":"error","message":"IP Address: undefined","timestamp":"2024-10-31 09:31:18"}
{"level":"error","message":"Error: Unknown error","timestamp":"2024-10-31 09:31:18"}
{"level":"error","message":"Request: undefined undefined","timestamp":"2024-10-31 09:31:18"}
{"level":"error","message":"IP Address: undefined","timestamp":"2024-10-31 09:31:18"}
{"level":"info","message":"GET /continents - ::1","timestamp":"2024-10-31 09:39:43"}
{"level":"info","message":"GET /continents - ::1","timestamp":"2024-10-31 09:41:10"}
{"level":"info","message":"GET /continents?sort=name - ::1","timestamp":"2024-10-31 09:41:12"}
{"level":"info","message":"GET /continents?limit=10&page=1&sort=name - ::1","timestamp":"2024-10-31 09:41:12"}
{"level":"info","message":"GET /continents?limit=10&page=1&sort=-name - ::1","timestamp":"2024-10-31 09:41:13"}
{"level":"info","message":"GET /continents?limit=10&page=1&sort=-name - ::1","timestamp":"2024-10-31 09:41:13"}
{"level":"info","message":"POST /continents - ::1","timestamp":"2024-10-31 09:41:29"}
{"level":"info","message":"GET /continents - ::1","timestamp":"2024-10-31 09:41:30"}
{"level":"info","message":"GET /continents/1009 - ::1","timestamp":"2024-10-31 09:41:32"}
{"level":"info","message":"PUT /continents/1009 - ::1","timestamp":"2024-10-31 09:41:37"}
{"level":"info","message":"GET /continents - ::1","timestamp":"2024-10-31 09:41:38"}
{"level":"info","message":"GET /continents/1009 - ::1","timestamp":"2024-10-31 09:41:40"}
{"level":"info","message":"PUT /continents/1009 - ::1","timestamp":"2024-10-31 09:41:44"}
{"level":"info","message":"GET /continents - ::1","timestamp":"2024-10-31 09:41:46"}
{"level":"info","message":"GET /continents/1009 - ::1","timestamp":"2024-10-31 09:41:47"}
{"level":"info","message":"GET /continents - ::1","timestamp":"2024-10-31 09:41:50"}
{"level":"info","message":"GET /continents?sort=id - ::1","timestamp":"2024-10-31 09:42:00"}
{"level":"info","message":"GET /continents?limit=10&page=1&sort=id - ::1","timestamp":"2024-10-31 09:42:01"}
{"level":"info","message":"GET /continents?limit=10&page=1&sort=-id - ::1","timestamp":"2024-10-31 09:42:01"}
{"level":"info","message":"GET /continents?limit=10&page=1&sort=-id - ::1","timestamp":"2024-10-31 09:42:01"}
{"level":"info","message":"GET /continents?limit=10&page=1&code=aaaa&sort=-id - ::1","timestamp":"2024-10-31 09:43:53"}
{"level":"info","message":"GET /continents?limit=10&page=1&code=aaaa&sort=-id - ::1","timestamp":"2024-10-31 09:43:53"}
{"level":"info","message":"GET /continents?limit=10&page=1&code=&sort=-id - ::1","timestamp":"2024-10-31 09:43:57"}
{"level":"info","message":"GET /continents?limit=10&page=1&code=&sort=-id - ::1","timestamp":"2024-10-31 09:43:57"}
{"level":"info","message":"GET /continents?limit=10&page=1&name=bbb&code=&sort=-id - ::1","timestamp":"2024-10-31 09:44:00"}
{"level":"info","message":"GET /continents?limit=10&page=1&name=bbb&code=&sort=-id - ::1","timestamp":"2024-10-31 09:44:00"}
{"level":"info","message":"GET /continents?limit=10&page=1&name=bbb&code=aaaa&sort=-id - ::1","timestamp":"2024-10-31 09:44:03"}
{"level":"info","message":"GET /continents?limit=10&page=1&name=bbb&code=aaaa&sort=-id - ::1","timestamp":"2024-10-31 09:44:03"}
{"level":"info","message":"GET /continents?limit=10&page=1&name=bbb&code=aaaa&areaMin=22222&sort=-id - ::1","timestamp":"2024-10-31 09:44:10"}
{"level":"info","message":"GET /continents?limit=10&page=1&name=bbb&code=aaaa&areaMin=22222&sort=-id - ::1","timestamp":"2024-10-31 09:44:10"}
{"level":"info","message":"GET /continents?limit=10&page=1&name=bbb&code=aaaa&areaMin=2222&sort=-id - ::1","timestamp":"2024-10-31 09:44:13"}
{"level":"info","message":"GET /continents?limit=10&page=1&name=bbb&code=aaaa&areaMin=2222&sort=-id - ::1","timestamp":"2024-10-31 09:44:13"}
{"level":"info","message":"GET /continents?limit=10&page=1&name=bbb&code=aaaa&areaMin=2222&areaMax=333333&sort=-id - ::1","timestamp":"2024-10-31 09:44:21"}
{"level":"info","message":"GET /continents?limit=10&page=1&name=bbb&code=aaaa&areaMin=2222&areaMax=333333&sort=-id - ::1","timestamp":"2024-10-31 09:44:21"}
{"level":"info","message":"GET /continents?limit=10&page=1&name=bbb&code=aaaa&areaMin=2222&areaMax=333333&densityMin=2&densityMax=3&sort=-id - ::1","timestamp":"2024-10-31 09:44:29"}
{"level":"info","message":"GET /continents?limit=10&page=1&name=bbb&code=aaaa&areaMin=2222&areaMax=333333&densityMin=2&densityMax=3&sort=-id - ::1","timestamp":"2024-10-31 09:44:29"}
{"level":"info","message":"GET /continents?limit=10&page=1&name=bbb&code=aaaa&areaMin=2222&areaMax=333333&densityMin=3&densityMax=3&sort=-id - ::1","timestamp":"2024-10-31 09:44:33"}
{"level":"info","message":"GET /continents?limit=10&page=1&name=bbb&code=aaaa&areaMin=2222&areaMax=333333&densityMin=3&densityMax=3&sort=-id - ::1","timestamp":"2024-10-31 09:44:33"}
{"level":"info","message":"GET /continents?limit=10&page=1&name=bbb&code=aaaa&areaMin=2222&areaMax=333333&densityMin=3&densityMax=3&sort=-id - ::1","timestamp":"2024-10-31 09:44:40"}
{"level":"info","message":"GET /continents?limit=10&page=1&name=&code=aaaa&areaMin=2222&areaMax=333333&densityMin=3&densityMax=3&sort=-id - ::1","timestamp":"2024-10-31 09:44:42"}
{"level":"info","message":"GET /continents?limit=10&page=1&name=&code=aaaa&areaMin=2222&areaMax=333333&densityMin=3&densityMax=3&sort=-id - ::1","timestamp":"2024-10-31 09:44:42"}
{"level":"info","message":"GET /continents?limit=10&page=1&name=&code=aaaa&areaMin=2222&areaMax=333333&sort=-id - ::1","timestamp":"2024-10-31 09:44:50"}
{"level":"info","message":"GET /continents?limit=10&page=1&name=&code=aaaa&areaMin=2222&areaMax=333333&sort=-id - ::1","timestamp":"2024-10-31 09:44:50"}
{"level":"info","message":"GET /continents?limit=10&page=1&name=&code=&sort=-id - ::1","timestamp":"2024-10-31 09:44:54"}
{"level":"info","message":"GET /continents?limit=10&page=1&name=&code=&sort=-id - ::1","timestamp":"2024-10-31 09:44:54"}
{"level":"error","message":"Error: Test Error","timestamp":"2024-10-31 09:45:57"}
{"level":"error","message":"Request: undefined undefined","timestamp":"2024-10-31 09:45:57"}
{"level":"error","message":"IP Address: undefined","timestamp":"2024-10-31 09:45:57"}
{"level":"error","message":"Error: Test Error","timestamp":"2024-10-31 09:45:57"}
{"level":"error","message":"Request: undefined undefined","timestamp":"2024-10-31 09:45:57"}
{"level":"error","message":"IP Address: undefined","timestamp":"2024-10-31 09:45:57"}
{"level":"error","message":"Error: Unknown error","timestamp":"2024-10-31 09:45:57"}
{"level":"error","message":"Request: undefined undefined","timestamp":"2024-10-31 09:45:57"}
{"level":"error","message":"IP Address: undefined","timestamp":"2024-10-31 09:45:57"}
{"level":"error","message":"Error: Test Error","timestamp":"2024-10-31 09:50:00"}
{"level":"error","message":"Request: undefined undefined","timestamp":"2024-10-31 09:50:00"}
{"level":"error","message":"IP Address: undefined","timestamp":"2024-10-31 09:50:00"}
{"level":"error","message":"Error: Test Error","timestamp":"2024-10-31 09:50:00"}
{"level":"error","message":"Request: undefined undefined","timestamp":"2024-10-31 09:50:00"}
{"level":"error","message":"IP Address: undefined","timestamp":"2024-10-31 09:50:00"}
{"level":"error","message":"Error: Unknown error","timestamp":"2024-10-31 09:50:00"}
{"level":"error","message":"Request: undefined undefined","timestamp":"2024-10-31 09:50:00"}
{"level":"error","message":"IP Address: undefined","timestamp":"2024-10-31 09:50:00"}
{"level":"error","message":"Error: Test Error","timestamp":"2024-10-31 09:51:49"}
{"level":"error","message":"Request: undefined undefined","timestamp":"2024-10-31 09:51:49"}
{"level":"error","message":"IP Address: undefined","timestamp":"2024-10-31 09:51:49"}
{"level":"error","message":"Error: Test Error","timestamp":"2024-10-31 09:51:49"}
{"level":"error","message":"Request: undefined undefined","timestamp":"2024-10-31 09:51:49"}
{"level":"error","message":"IP Address: undefined","timestamp":"2024-10-31 09:51:49"}
{"level":"error","message":"Error: Unknown error","timestamp":"2024-10-31 09:51:49"}
{"level":"error","message":"Request: undefined undefined","timestamp":"2024-10-31 09:51:49"}
{"level":"error","message":"IP Address: undefined","timestamp":"2024-10-31 09:51:49"}
{"level":"error","message":"Error: Test Error","timestamp":"2024-10-31 10:00:37"}
{"level":"error","message":"Request: undefined undefined","timestamp":"2024-10-31 10:00:37"}
{"level":"error","message":"IP Address: undefined","timestamp":"2024-10-31 10:00:37"}
{"level":"error","message":"Error: Test Error","timestamp":"2024-10-31 10:00:37"}
{"level":"error","message":"Request: undefined undefined","timestamp":"2024-10-31 10:00:37"}
{"level":"error","message":"IP Address: undefined","timestamp":"2024-10-31 10:00:37"}
{"level":"error","message":"Error: Unknown error","timestamp":"2024-10-31 10:00:37"}
{"level":"error","message":"Request: undefined undefined","timestamp":"2024-10-31 10:00:37"}
{"level":"error","message":"IP Address: undefined","timestamp":"2024-10-31 10:00:37"}
{"level":"error","message":"Error: Test Error","timestamp":"2024-10-31 10:01:45"}
{"level":"error","message":"Request: undefined undefined","timestamp":"2024-10-31 10:01:45"}
{"level":"error","message":"IP Address: undefined","timestamp":"2024-10-31 10:01:45"}
{"level":"error","message":"Error: Test Error","timestamp":"2024-10-31 10:01:45"}
{"level":"error","message":"Request: undefined undefined","timestamp":"2024-10-31 10:01:45"}
{"level":"error","message":"IP Address: undefined","timestamp":"2024-10-31 10:01:45"}
{"level":"error","message":"Error: Unknown error","timestamp":"2024-10-31 10:01:45"}
{"level":"error","message":"Request: undefined undefined","timestamp":"2024-10-31 10:01:45"}
{"level":"error","message":"IP Address: undefined","timestamp":"2024-10-31 10:01:45"}
{"level":"error","message":"Error: Test Error","timestamp":"2024-10-31 10:11:23"}
{"level":"error","message":"Request: undefined undefined","timestamp":"2024-10-31 10:11:23"}
{"level":"error","message":"IP Address: undefined","timestamp":"2024-10-31 10:11:23"}
{"level":"error","message":"Error: Test Error","timestamp":"2024-10-31 10:11:23"}
{"level":"error","message":"Request: undefined undefined","timestamp":"2024-10-31 10:11:23"}
{"level":"error","message":"IP Address: undefined","timestamp":"2024-10-31 10:11:23"}
{"level":"error","message":"Error: Unknown error","timestamp":"2024-10-31 10:11:23"}
{"level":"error","message":"Request: undefined undefined","timestamp":"2024-10-31 10:11:23"}
{"level":"error","message":"IP Address: undefined","timestamp":"2024-10-31 10:11:23"}
{"level":"error","message":"Error: Test Error","timestamp":"2024-10-31 10:11:49"}
{"level":"error","message":"Request: undefined undefined","timestamp":"2024-10-31 10:11:49"}
{"level":"error","message":"IP Address: undefined","timestamp":"2024-10-31 10:11:49"}
{"level":"error","message":"Error: Test Error","timestamp":"2024-10-31 10:11:49"}
{"level":"error","message":"Request: undefined undefined","timestamp":"2024-10-31 10:11:49"}
{"level":"error","message":"IP Address: undefined","timestamp":"2024-10-31 10:11:49"}
{"level":"error","message":"Error: Unknown error","timestamp":"2024-10-31 10:11:49"}
{"level":"error","message":"Request: undefined undefined","timestamp":"2024-10-31 10:11:49"}
{"level":"error","message":"IP Address: undefined","timestamp":"2024-10-31 10:11:49"}
{"level":"error","message":"Error: Test Error","timestamp":"2024-10-31 10:15:36"}
{"level":"error","message":"Request: undefined undefined","timestamp":"2024-10-31 10:15:36"}
{"level":"error","message":"IP Address: undefined","timestamp":"2024-10-31 10:15:36"}
{"level":"error","message":"Error: Test Error","timestamp":"2024-10-31 10:15:36"}
{"level":"error","message":"Request: undefined undefined","timestamp":"2024-10-31 10:15:36"}
{"level":"error","message":"IP Address: undefined","timestamp":"2024-10-31 10:15:36"}
{"level":"error","message":"Error: Unknown error","timestamp":"2024-10-31 10:15:36"}
{"level":"error","message":"Request: undefined undefined","timestamp":"2024-10-31 10:15:36"}
{"level":"error","message":"IP Address: undefined","timestamp":"2024-10-31 10:15:36"}
{"level":"error","message":"Error: Test Error","timestamp":"2024-10-31 10:18:28"}
{"level":"error","message":"Request: undefined undefined","timestamp":"2024-10-31 10:18:28"}
{"level":"error","message":"IP Address: undefined","timestamp":"2024-10-31 10:18:28"}
{"level":"error","message":"Error: Test Error","timestamp":"2024-10-31 10:18:28"}
{"level":"error","message":"Request: undefined undefined","timestamp":"2024-10-31 10:18:28"}
{"level":"error","message":"IP Address: undefined","timestamp":"2024-10-31 10:18:28"}
{"level":"error","message":"Error: Unknown error","timestamp":"2024-10-31 10:18:28"}
{"level":"error","message":"Request: undefined undefined","timestamp":"2024-10-31 10:18:28"}
{"level":"error","message":"IP Address: undefined","timestamp":"2024-10-31 10:18:28"}
{"level":"error","message":"Error: Test Error","timestamp":"2024-10-31 10:20:02"}
{"level":"error","message":"Request: undefined undefined","timestamp":"2024-10-31 10:20:02"}
{"level":"error","message":"IP Address: undefined","timestamp":"2024-10-31 10:20:02"}
{"level":"error","message":"Error: Test Error","timestamp":"2024-10-31 10:20:02"}
{"level":"error","message":"Request: undefined undefined","timestamp":"2024-10-31 10:20:02"}
{"level":"error","message":"IP Address: undefined","timestamp":"2024-10-31 10:20:02"}
{"level":"error","message":"Error: Unknown error","timestamp":"2024-10-31 10:20:02"}
{"level":"error","message":"Request: undefined undefined","timestamp":"2024-10-31 10:20:02"}
{"level":"error","message":"IP Address: undefined","timestamp":"2024-10-31 10:20:02"}
{"level":"info","message":"GET / - ::1","timestamp":"2024-10-31 10:21:37"}
{"level":"info","message":"GET /favicon.ico - ::1","timestamp":"2024-10-31 10:21:37"}
{"level":"error","message":"Error: Test Error","timestamp":"2024-10-31 15:14:09"}
{"level":"error","message":"Request: undefined undefined","timestamp":"2024-10-31 15:14:09"}
{"level":"error","message":"IP Address: undefined","timestamp":"2024-10-31 15:14:09"}
{"level":"error","message":"Error: Test Error","timestamp":"2024-10-31 15:14:09"}
{"level":"error","message":"Request: undefined undefined","timestamp":"2024-10-31 15:14:09"}
{"level":"error","message":"IP Address: undefined","timestamp":"2024-10-31 15:14:09"}
{"level":"error","message":"Error: Unknown error","timestamp":"2024-10-31 15:14:09"}
{"level":"error","message":"Request: undefined undefined","timestamp":"2024-10-31 15:14:09"}
{"level":"error","message":"IP Address: undefined","timestamp":"2024-10-31 15:14:09"}
{"level":"error","message":"Error: Test Error","timestamp":"2024-10-31 15:19:18"}
{"level":"error","message":"Request: undefined undefined","timestamp":"2024-10-31 15:19:18"}
{"level":"error","message":"IP Address: undefined","timestamp":"2024-10-31 15:19:18"}
{"level":"error","message":"Error: Test Error","timestamp":"2024-10-31 15:19:18"}
{"level":"error","message":"Request: undefined undefined","timestamp":"2024-10-31 15:19:18"}
{"level":"error","message":"IP Address: undefined","timestamp":"2024-10-31 15:19:18"}
{"level":"error","message":"Error: Unknown error","timestamp":"2024-10-31 15:19:18"}
{"level":"error","message":"Request: undefined undefined","timestamp":"2024-10-31 15:19:18"}
{"level":"error","message":"IP Address: undefined","timestamp":"2024-10-31 15:19:18"}
{"level":"error","message":"Error: Test Error","timestamp":"2024-10-31 15:26:35"}
{"level":"error","message":"Request: undefined undefined","timestamp":"2024-10-31 15:26:35"}
{"level":"error","message":"IP Address: undefined","timestamp":"2024-10-31 15:26:35"}
{"level":"error","message":"Error: Test Error","timestamp":"2024-10-31 15:26:35"}
{"level":"error","message":"Request: undefined undefined","timestamp":"2024-10-31 15:26:35"}
{"level":"error","message":"IP Address: undefined","timestamp":"2024-10-31 15:26:35"}
{"level":"error","message":"Error: Unknown error","timestamp":"2024-10-31 15:26:35"}
{"level":"error","message":"Request: undefined undefined","timestamp":"2024-10-31 15:26:35"}
{"level":"error","message":"IP Address: undefined","timestamp":"2024-10-31 15:26:35"}
{"level":"error","message":"Error: Test Error","timestamp":"2024-10-31 15:27:04"}
{"level":"error","message":"Request: undefined undefined","timestamp":"2024-10-31 15:27:04"}
{"level":"error","message":"IP Address: undefined","timestamp":"2024-10-31 15:27:04"}
{"level":"error","message":"Error: Test Error","timestamp":"2024-10-31 15:27:04"}
{"level":"error","message":"Request: undefined undefined","timestamp":"2024-10-31 15:27:04"}
{"level":"error","message":"IP Address: undefined","timestamp":"2024-10-31 15:27:04"}
{"level":"error","message":"Error: Unknown error","timestamp":"2024-10-31 15:27:04"}
{"level":"error","message":"Request: undefined undefined","timestamp":"2024-10-31 15:27:04"}
{"level":"error","message":"IP Address: undefined","timestamp":"2024-10-31 15:27:04"}
{"level":"info","message":"GET / - ::1","timestamp":"2024-10-31 15:38:50"}
{"level":"info","message":"GET /continents - ::1","timestamp":"2024-10-31 15:38:56"}
{"level":"info","message":"GET /continents/1000 - ::1","timestamp":"2024-10-31 15:39:04"}
{"level":"info","message":"GET / - ::1","timestamp":"2024-10-31 15:51:46"}
{"level":"info","message":"GET /continents - ::1","timestamp":"2024-10-31 15:51:50"}
{"level":"error","message":"Error: Test Error","timestamp":"2024-10-31 15:54:27"}
{"level":"error","message":"Request: undefined undefined","timestamp":"2024-10-31 15:54:27"}
{"level":"error","message":"IP Address: undefined","timestamp":"2024-10-31 15:54:27"}
{"level":"error","message":"Error: Test Error","timestamp":"2024-10-31 15:54:27"}
{"level":"error","message":"Request: undefined undefined","timestamp":"2024-10-31 15:54:27"}
{"level":"error","message":"IP Address: undefined","timestamp":"2024-10-31 15:54:27"}
{"level":"error","message":"Error: Unknown error","timestamp":"2024-10-31 15:54:27"}
{"level":"error","message":"Request: undefined undefined","timestamp":"2024-10-31 15:54:27"}
{"level":"error","message":"IP Address: undefined","timestamp":"2024-10-31 15:54:27"}
{"level":"info","message":"GET /continents - ::1","timestamp":"2024-10-31 16:05:25"}
{"level":"info","message":"GET /continents - ::1","timestamp":"2024-10-31 16:05:26"}
{"level":"info","message":"GET /continents/1000 - ::1","timestamp":"2024-10-31 16:05:33"}
{"level":"info","message":"GET /continents - ::1","timestamp":"2024-10-31 16:07:43"}
{"level":"info","message":"GET / - ::ffff:127.0.0.1","timestamp":"2024-10-31 16:17:03"}
{"level":"info","message":"GET / - ::ffff:127.0.0.1","timestamp":"2024-10-31 16:17:03"}
{"level":"info","message":"GET / - ::ffff:127.0.0.1","timestamp":"2024-10-31 16:17:03"}
{"level":"info","message":"GET / - ::ffff:127.0.0.1","timestamp":"2024-10-31 16:18:15"}
{"level":"info","message":"GET / - ::ffff:127.0.0.1","timestamp":"2024-10-31 16:18:15"}
{"level":"info","message":"GET / - ::ffff:127.0.0.1","timestamp":"2024-10-31 16:18:15"}
{"level":"error","message":"Error: Test Error","timestamp":"2024-10-31 16:18:24"}
{"level":"error","message":"Request: undefined undefined","timestamp":"2024-10-31 16:18:24"}
{"level":"error","message":"IP Address: undefined","timestamp":"2024-10-31 16:18:24"}
{"level":"error","message":"Error: Test Error","timestamp":"2024-10-31 16:18:24"}
{"level":"error","message":"Request: undefined undefined","timestamp":"2024-10-31 16:18:24"}
{"level":"error","message":"IP Address: undefined","timestamp":"2024-10-31 16:18:24"}
{"level":"error","message":"Error: Unknown error","timestamp":"2024-10-31 16:18:24"}
{"level":"error","message":"Request: undefined undefined","timestamp":"2024-10-31 16:18:24"}
{"level":"error","message":"IP Address: undefined","timestamp":"2024-10-31 16:18:24"}
{"level":"info","message":"GET / - ::ffff:127.0.0.1","timestamp":"2024-10-31 16:18:25"}
{"level":"info","message":"GET / - ::ffff:127.0.0.1","timestamp":"2024-10-31 16:18:25"}
{"level":"info","message":"GET / - ::ffff:127.0.0.1","timestamp":"2024-10-31 16:18:25"}
{"level":"info","message":"GET / - ::ffff:127.0.0.1","timestamp":"2024-10-31 16:22:39"}
{"level":"info","message":"GET / - ::ffff:127.0.0.1","timestamp":"2024-10-31 16:23:16"}
{"level":"info","message":"GET /continents - ::1","timestamp":"2024-10-31 16:26:42"}
{"level":"info","message":"GET / - ::1","timestamp":"2024-10-31 16:27:15"}
{"level":"info","message":"GET /favicon.ico - ::1","timestamp":"2024-10-31 16:27:15"}
{"level":"info","message":"GET /continents - ::1","timestamp":"2024-10-31 16:27:18"}
{"level":"error","message":"Error: Test Error","timestamp":"2024-10-31 16:35:37"}
{"level":"error","message":"Request: undefined undefined","timestamp":"2024-10-31 16:35:37"}
{"level":"error","message":"IP Address: undefined","timestamp":"2024-10-31 16:35:37"}
{"level":"error","message":"Error: Test Error","timestamp":"2024-10-31 16:35:37"}
{"level":"error","message":"Request: undefined undefined","timestamp":"2024-10-31 16:35:37"}
{"level":"error","message":"IP Address: undefined","timestamp":"2024-10-31 16:35:37"}
{"level":"error","message":"Error: Unknown error","timestamp":"2024-10-31 16:35:37"}
{"level":"error","message":"Request: undefined undefined","timestamp":"2024-10-31 16:35:37"}
{"level":"error","message":"IP Address: undefined","timestamp":"2024-10-31 16:35:37"}
{"level":"info","message":"GET / - ::ffff:127.0.0.1","timestamp":"2024-10-31 16:35:38"}
{"level":"info","message":"GET / - ::ffff:127.0.0.1","timestamp":"2024-10-31 16:35:38"}
{"level":"info","message":"GET / - ::ffff:127.0.0.1","timestamp":"2024-10-31 16:35:38"}
{"level":"error","message":"Error: Test Error","timestamp":"2024-10-31 16:37:05"}
{"level":"error","message":"Request: undefined undefined","timestamp":"2024-10-31 16:37:05"}
{"level":"error","message":"IP Address: undefined","timestamp":"2024-10-31 16:37:05"}
{"level":"error","message":"Error: Test Error","timestamp":"2024-10-31 16:37:05"}
{"level":"error","message":"Request: undefined undefined","timestamp":"2024-10-31 16:37:05"}
{"level":"error","message":"IP Address: undefined","timestamp":"2024-10-31 16:37:05"}
{"level":"error","message":"Error: Unknown error","timestamp":"2024-10-31 16:37:05"}
{"level":"error","message":"Request: undefined undefined","timestamp":"2024-10-31 16:37:05"}
{"level":"error","message":"IP Address: undefined","timestamp":"2024-10-31 16:37:05"}
{"level":"info","message":"GET / - ::ffff:127.0.0.1","timestamp":"2024-10-31 16:37:06"}
{"level":"info","message":"GET / - ::ffff:127.0.0.1","timestamp":"2024-10-31 16:37:06"}
{"level":"info","message":"GET / - ::ffff:127.0.0.1","timestamp":"2024-10-31 16:37:06"}
{"level":"error","message":"Error: Test Error","timestamp":"2024-10-31 16:38:44"}
{"level":"error","message":"Request: undefined undefined","timestamp":"2024-10-31 16:38:44"}
{"level":"error","message":"IP Address: undefined","timestamp":"2024-10-31 16:38:44"}
{"level":"error","message":"Error: Test Error","timestamp":"2024-10-31 16:38:44"}
{"level":"error","message":"Request: undefined undefined","timestamp":"2024-10-31 16:38:44"}
{"level":"error","message":"IP Address: undefined","timestamp":"2024-10-31 16:38:44"}
{"level":"error","message":"Error: Unknown error","timestamp":"2024-10-31 16:38:44"}
{"level":"error","message":"Request: undefined undefined","timestamp":"2024-10-31 16:38:44"}
{"level":"error","message":"IP Address: undefined","timestamp":"2024-10-31 16:38:44"}
{"level":"info","message":"GET / - ::ffff:127.0.0.1","timestamp":"2024-10-31 16:38:45"}
{"level":"info","message":"GET / - ::ffff:127.0.0.1","timestamp":"2024-10-31 16:38:45"}
{"level":"info","message":"GET / - ::ffff:127.0.0.1","timestamp":"2024-10-31 16:38:45"}
{"level":"error","message":"Error: Test Error","timestamp":"2024-10-31 16:39:06"}
{"level":"error","message":"Request: undefined undefined","timestamp":"2024-10-31 16:39:06"}
{"level":"error","message":"IP Address: undefined","timestamp":"2024-10-31 16:39:06"}
{"level":"error","message":"Error: Test Error","timestamp":"2024-10-31 16:39:06"}
{"level":"error","message":"Request: undefined undefined","timestamp":"2024-10-31 16:39:06"}
{"level":"error","message":"IP Address: undefined","timestamp":"2024-10-31 16:39:06"}
{"level":"error","message":"Error: Unknown error","timestamp":"2024-10-31 16:39:06"}
{"level":"error","message":"Request: undefined undefined","timestamp":"2024-10-31 16:39:06"}
{"level":"error","message":"IP Address: undefined","timestamp":"2024-10-31 16:39:06"}
{"level":"info","message":"GET / - ::ffff:127.0.0.1","timestamp":"2024-10-31 16:39:07"}
{"level":"info","message":"GET / - ::ffff:127.0.0.1","timestamp":"2024-10-31 16:39:07"}
{"level":"info","message":"GET / - ::ffff:127.0.0.1","timestamp":"2024-10-31 16:39:07"}
{"level":"info","message":"GET / - ::1","timestamp":"2024-10-31 16:39:45"}
{"level":"info","message":"GET /continents - ::1","timestamp":"2024-10-31 16:39:48"}
{"level":"info","message":"GET /continents - ::1","timestamp":"2024-10-31 16:40:12"}
{"level":"info","message":"GET /continents/1000 - ::1","timestamp":"2024-10-31 16:40:17"}
{"level":"error","message":"Error: Test Error","timestamp":"2024-10-31 16:40:32"}
{"level":"error","message":"Request: undefined undefined","timestamp":"2024-10-31 16:40:32"}
{"level":"error","message":"IP Address: undefined","timestamp":"2024-10-31 16:40:32"}
{"level":"error","message":"Error: Test Error","timestamp":"2024-10-31 16:40:32"}
{"level":"error","message":"Request: undefined undefined","timestamp":"2024-10-31 16:40:32"}
{"level":"error","message":"IP Address: undefined","timestamp":"2024-10-31 16:40:32"}
{"level":"error","message":"Error: Unknown error","timestamp":"2024-10-31 16:40:32"}
{"level":"error","message":"Request: undefined undefined","timestamp":"2024-10-31 16:40:32"}
{"level":"error","message":"IP Address: undefined","timestamp":"2024-10-31 16:40:32"}
{"level":"info","message":"GET / - ::ffff:127.0.0.1","timestamp":"2024-10-31 16:40:33"}
{"level":"info","message":"GET / - ::ffff:127.0.0.1","timestamp":"2024-10-31 16:40:33"}
{"level":"info","message":"GET / - ::ffff:127.0.0.1","timestamp":"2024-10-31 16:40:33"}
{"level":"info","message":"GET / - ::1","timestamp":"2024-10-31 16:40:58"}
{"level":"info","message":"GET /continents - ::1","timestamp":"2024-10-31 16:41:02"}
{"level":"info","message":"GET /continents/1001 - ::1","timestamp":"2024-10-31 16:41:09"}
