{"level":"error","message":"Error: Test Error","timestamp":"2024-10-31 06:38:32"}
{"level":"error","message":"Request: undefined undefined","timestamp":"2024-10-31 06:38:32"}
{"level":"error","message":"IP Address: undefined","timestamp":"2024-10-31 06:38:32"}
{"level":"error","message":"Error: Test Error","timestamp":"2024-10-31 06:38:32"}
{"level":"error","message":"Request: undefined undefined","timestamp":"2024-10-31 06:38:32"}
{"level":"error","message":"IP Address: undefined","timestamp":"2024-10-31 06:38:32"}
{"level":"error","message":"Error: Unknown error","timestamp":"2024-10-31 06:38:32"}
{"level":"error","message":"Request: undefined undefined","timestamp":"2024-10-31 06:38:32"}
{"level":"error","message":"IP Address: undefined","timestamp":"2024-10-31 06:38:32"}
{"level":"error","message":"Error: Test Error","timestamp":"2024-10-31 06:41:21"}
{"level":"error","message":"Request: undefined undefined","timestamp":"2024-10-31 06:41:21"}
{"level":"error","message":"IP Address: undefined","timestamp":"2024-10-31 06:41:21"}
{"level":"error","message":"Error: Test Error","timestamp":"2024-10-31 06:41:21"}
{"level":"error","message":"Request: undefined undefined","timestamp":"2024-10-31 06:41:21"}
{"level":"error","message":"IP Address: undefined","timestamp":"2024-10-31 06:41:21"}
{"level":"error","message":"Error: Unknown error","timestamp":"2024-10-31 06:41:21"}
{"level":"error","message":"Request: undefined undefined","timestamp":"2024-10-31 06:41:21"}
{"level":"error","message":"IP Address: undefined","timestamp":"2024-10-31 06:41:21"}
{"level":"error","message":"Error: Test Error","timestamp":"2024-10-31 06:41:55"}
{"level":"error","message":"Request: undefined undefined","timestamp":"2024-10-31 06:41:55"}
{"level":"error","message":"IP Address: undefined","timestamp":"2024-10-31 06:41:55"}
{"level":"error","message":"Error: Test Error","timestamp":"2024-10-31 06:41:55"}
{"level":"error","message":"Request: undefined undefined","timestamp":"2024-10-31 06:41:55"}
{"level":"error","message":"IP Address: undefined","timestamp":"2024-10-31 06:41:55"}
{"level":"error","message":"Error: Unknown error","timestamp":"2024-10-31 06:41:55"}
{"level":"error","message":"Request: undefined undefined","timestamp":"2024-10-31 06:41:55"}
{"level":"error","message":"IP Address: undefined","timestamp":"2024-10-31 06:41:55"}
{"level":"error","message":"Error: Test Error","timestamp":"2024-10-31 06:42:02"}
{"level":"error","message":"Request: undefined undefined","timestamp":"2024-10-31 06:42:02"}
{"level":"error","message":"IP Address: undefined","timestamp":"2024-10-31 06:42:02"}
{"level":"error","message":"Error: Test Error","timestamp":"2024-10-31 06:42:02"}
{"level":"error","message":"Request: undefined undefined","timestamp":"2024-10-31 06:42:02"}
{"level":"error","message":"IP Address: undefined","timestamp":"2024-10-31 06:42:02"}
{"level":"error","message":"Error: Unknown error","timestamp":"2024-10-31 06:42:02"}
{"level":"error","message":"Request: undefined undefined","timestamp":"2024-10-31 06:42:02"}
{"level":"error","message":"IP Address: undefined","timestamp":"2024-10-31 06:42:02"}
{"level":"error","message":"Error: Test Error","timestamp":"2024-10-31 06:55:25"}
{"level":"error","message":"Request: undefined undefined","timestamp":"2024-10-31 06:55:25"}
{"level":"error","message":"IP Address: undefined","timestamp":"2024-10-31 06:55:25"}
{"level":"error","message":"Error: Test Error","timestamp":"2024-10-31 06:55:25"}
{"level":"error","message":"Request: undefined undefined","timestamp":"2024-10-31 06:55:25"}
{"level":"error","message":"IP Address: undefined","timestamp":"2024-10-31 06:55:25"}
{"level":"error","message":"Error: Unknown error","timestamp":"2024-10-31 06:55:25"}
{"level":"error","message":"Request: undefined undefined","timestamp":"2024-10-31 06:55:25"}
{"level":"error","message":"IP Address: undefined","timestamp":"2024-10-31 06:55:25"}
{"level":"error","message":"Error: Continent not found","timestamp":"2024-10-31 08:52:23"}
{"level":"error","message":"Request: PUT /continents/1000","timestamp":"2024-10-31 08:52:23"}
{"level":"error","message":"IP Address: ::1","timestamp":"2024-10-31 08:52:23"}
{"level":"error","message":"Error: Continent not found","timestamp":"2024-10-31 09:28:49"}
{"level":"error","message":"Request: PUT /continents/1008","timestamp":"2024-10-31 09:28:49"}
{"level":"error","message":"IP Address: ::1","timestamp":"2024-10-31 09:28:49"}
{"level":"error","message":"Error: Test Error","timestamp":"2024-10-31 09:31:18"}
{"level":"error","message":"Request: undefined undefined","timestamp":"2024-10-31 09:31:18"}
{"level":"error","message":"IP Address: undefined","timestamp":"2024-10-31 09:31:18"}
{"level":"error","message":"Error: Test Error","timestamp":"2024-10-31 09:31:18"}
{"level":"error","message":"Request: undefined undefined","timestamp":"2024-10-31 09:31:18"}
{"level":"error","message":"IP Address: undefined","timestamp":"2024-10-31 09:31:18"}
{"level":"error","message":"Error: Unknown error","timestamp":"2024-10-31 09:31:18"}
{"level":"error","message":"Request: undefined undefined","timestamp":"2024-10-31 09:31:18"}
{"level":"error","message":"IP Address: undefined","timestamp":"2024-10-31 09:31:18"}
